---------------------------------------------
Log E:\Games\SteamLibrary\steamapps\common\DayZServer\config\crash_2021-09-07_10-16-02.log started at 07.09. 10:16:08



------------------------------------
DESKTOP-C08CB54, 07.09 2021 10:16:08

JSON ERROR:
Invalid value.
Function: 'Error'
Stack trace:
scripts/1_Core/proto\endebug.c:44
scripts/3_Game/tools\jsonfileloader.c:29
DayZExpansion/Scripts/3_Game/dayzexpansion\settings\missions\expansionmissionsettings.c:148
DayZExpansion/Core/3_Game/dayzexpansion_core\settings\expansionsettingbase.c:45
DayZExpansion/Core/3_Game/dayzexpansion_core\settings\expansionsettings.c:81
DayZExpansion/Scripts/3_Game/dayzexpansion\settings\expansionsettings.c:54
DayZExpansion/Core/3_Game/dayzexpansion_core\settings\expansionsettings.c:203
DayZExpansion/Market/Scripts/3_Game/dayzexpansion_market\settings\expansionsettings.c:84
DayZExpansion/Vehicles/Scripts/3_Game/dayzexpansion_vehicles\settings\expansionsettings.c:84
DayZExpansion/Book/Scripts/3_Game/dayzexpansion_book\settings\expansionsettings.c:75
DayZExpansion/Scripts/3_Game/dayzexpansion\settings\expansionsettings.c:183
DayZExpansion/Core/3_Game/dayzexpansion_core\settings\expansionsettings.c:352
DayZExpansion/Scripts/4_World/dayzexpansion\entities\houses\buildingbase.c:38

Runtime mode
CLI params: config serverDZ.cfg mod @CF;@eAI;@Namalsk Island;@Namalsk Survival;@Community-Online-Tools;@Dabs Framework;@SkyZ - Skybox Overhaul;@sVisual;@sGunplay;@DayZ-Expansion-Bundle;@DayZ-Expansion-Licensed;@Forced First Person Combat;@StaminaSettings;@AdditionalFrozenFoodNamalsk;@Increased Lumens; port 2302 profiles config cpuCount 4 dologs  adminlog  netlog  freezecheck  


------------------------------------
DESKTOP-C08CB54, 07.09 2021 10:44:56
Division by zero
Class:      'ExpansionGyrocopter'
Entity id:258110

Function: 'OnSimulation'
Stack trace:
DayZExpansion/Vehicles/Scripts/4_World/dayzexpansion_vehicles\entities\vehicles\deprecated\expansionhelicopterscript.c:1195
DayZExpansion/Vehicles/Scripts/4_World/dayzexpansion_vehicles\entities\vehicles\carscript.c:2146

Runtime mode
CLI params: config serverDZ.cfg mod @CF;@eAI;@Namalsk Island;@Namalsk Survival;@Community-Online-Tools;@Dabs Framework;@SkyZ - Skybox Overhaul;@sVisual;@sGunplay;@DayZ-Expansion-Bundle;@DayZ-Expansion-Licensed;@Forced First Person Combat;@StaminaSettings;@AdditionalFrozenFoodNamalsk;@Increased Lumens; port 2302 profiles config cpuCount 4 dologs  adminlog  netlog  freezecheck  


------------------------------------
DESKTOP-C08CB54, 07.09 2021 17:41:25
NULL pointer to instance
Class:      'Vehicle_OffroadHatchback'
Entity id:257605

Function: '~ExpansionVehicleBase'
Stack trace:
DayZExpansion/Vehicles/Scripts/4_World/dayzexpansion_vehicles\entities\vehicles\expansionvehiclebase.c:550

Runtime mode
CLI params: config serverDZ.cfg mod @CF;@eAI;@Namalsk Island;@Namalsk Survival;@Community-Online-Tools;@Dabs Framework;@SkyZ - Skybox Overhaul;@sVisual;@sGunplay;@DayZ-Expansion-Bundle;@DayZ-Expansion-Licensed;@Forced First Person Combat;@StaminaSettings;@AdditionalFrozenFoodNamalsk;@Increased Lumens; port 2302 profiles config cpuCount 4 dologs  adminlog  netlog  freezecheck  
