---------------------------------------------
Log E:\Games\SteamLibrary\steamapps\common\DayZServer\config\script_2021-09-07_05-14-51.log started at 07.09. 05:14:52

SCRIPT       : Registered 305 temporary action enum(s), UAN==305
SCRIPT    (W): @"eAI/Scripts/3_Game/eai\gui\eaicommandmenu.c,285": Unsafe down-casting, use 'ButtonWidget.Cast' for safe down-casting
SCRIPT       : CF_CreateGame()
SCRIPT       : ... Backlit Effects Enabled
SCRIPT    (W): @"eAI/Scripts/4_World/eai\entities\weapon_base.c,175": Unsafe down-casting, use 'EntityAI.Cast' for safe down-casting
SCRIPT    (W): @"eAI/Scripts/4_World/eai\eaiimplementaiming.c,32": No need to use 'Cast' for up-casting
SCRIPT    (W): @"eAI/Scripts/4_World/eai\entities\eaibase.c,290": Unsafe down-casting, use 'EntityAI.Cast' for safe down-casting
SCRIPT       : [ExpansionAirdropSettings] Loading settings
SCRIPT       : [ExpansionBaseBuildingSettings] Loading default settings
SCRIPT       : [ExpansionGeneralSettings] Loading default settings
SCRIPT       : [ExpansionMapSettings] Loading default settings
SCRIPT       : [ExpansionMissionSettings] Loading settings
SCRIPT    (E): JSON ERROR DayZExpansion/Scripts/4_World/dayzexpansion\entities\houses\buildingbase.c:38
SCRIPT    (E): 
JSON ERROR:
Invalid value.
Function: 'Error'
Stack trace:
scripts/1_Core/proto\endebug.c:44
scripts/3_Game/tools\jsonfileloader.c:29
DayZExpansion/Scripts/3_Game/dayzexpansion\settings\missions\expansionmissionsettings.c:148
DayZExpansion/Core/3_Game/dayzexpansion_core\settings\expansionsettingbase.c:45
DayZExpansion/Core/3_Game/dayzexpansion_core\settings\expansionsettings.c:81
DayZExpansion/Scripts/3_Game/dayzexpansion\settings\expansionsettings.c:54
DayZExpansion/Core/3_Game/dayzexpansion_core\settings\expansionsettings.c:203
DayZExpansion/Market/Scripts/3_Game/dayzexpansion_market\settings\expansionsettings.c:84
DayZExpansion/Vehicles/Scripts/3_Game/dayzexpansion_vehicles\settings\expansionsettings.c:84
DayZExpansion/Book/Scripts/3_Game/dayzexpansion_book\settings\expansionsettings.c:75
DayZExpansion/Scripts/3_Game/dayzexpansion\settings\expansionsettings.c:183
DayZExpansion/Core/3_Game/dayzexpansion_core\settings\expansionsettings.c:352
DayZExpansion/Scripts/4_World/dayzexpansion\entities\houses\buildingbase.c:38
SCRIPT       : [ExpansionNotificationSettings] Loading default settings
SCRIPT       : [ExpansionPartySettings] Loading default settings
SCRIPT       : [ExpansionRaidSettings] Loading default settings
SCRIPT       : [ExpansionRaidSettings] Saving settings
SCRIPT       : [ExpansionSpawnSettings] Loading default settings
SCRIPT       : [ExpansionTerritorySettings] Loading default settings
SCRIPT       : [ExpansionTerritorySettings] Saving settings
SCRIPT       : [ExpansionPlayerListSettings] Loading default settings
SCRIPT       : [ExpansionPlayerListSettings] Saving settings
SCRIPT       : [ExpansionSocialMediaSettings] Loading default settings
SCRIPT       : [ExpansionSocialMediaSettings] Saving settings
SCRIPT       : 05:14:59.435 [EXPANSION DEBUG]: [ExpansionBookSettings] Load default settings v2
SCRIPT       : [ExpansionVehicleSettings] Loading default settings
SCRIPT       : 05:14:59.439 [EXPANSION DEBUG]: Finalized category ID 0 (Exchange), 4 items
SCRIPT       : 05:14:59.439 [EXPANSION DEBUG]: Finalized category ID 1 (Ammo), 43 items
SCRIPT       : 05:14:59.439 [EXPANSION DEBUG]: Finalized category ID 2 (Ammo_Boxes), 23 items
SCRIPT       : 05:14:59.439 [EXPANSION DEBUG]: Finalized category ID 3 (Armbands), 8 items
SCRIPT       : 05:14:59.439 [EXPANSION DEBUG]: Finalized category ID 4 (Assault_Rifles), 8 items
SCRIPT       : 05:14:59.441 [EXPANSION DEBUG]: Finalized category ID 5 (Backpacks), 30 items
SCRIPT       : 05:14:59.441 [EXPANSION DEBUG]: Finalized category ID 6 (Bandanas), 8 items
SCRIPT       : 05:14:59.441 [EXPANSION DEBUG]: Finalized category ID 7 (Batteries), 4 items
SCRIPT       : 05:14:59.441 [EXPANSION DEBUG]: Finalized category ID 8 (Belts), 2 items
SCRIPT       : 05:14:59.441 [EXPANSION DEBUG]: Finalized category ID 9 (Blouses_And_Suits), 20 items
SCRIPT       : 05:14:59.441 [EXPANSION DEBUG]: Finalized category ID 10 (Boats), 3 items
SCRIPT       : 05:14:59.441 [EXPANSION DEBUG]: Finalized category ID 11 (Boots_And_Shoes), 56 items
SCRIPT       : 05:14:59.441 [EXPANSION DEBUG]: Finalized category ID 12 (Buttstocks), 15 items
SCRIPT       : 05:14:59.443 [EXPANSION DEBUG]: Finalized category ID 13 (Caps), 30 items
SCRIPT       : 05:14:59.443 [EXPANSION DEBUG]: Finalized category ID 14 (Cars), 12 items
SCRIPT       : 05:14:59.443 [EXPANSION DEBUG]: Finalized category ID 15 (Coats_And_Jackets), 76 items
SCRIPT       : 05:14:59.443 [EXPANSION DEBUG]: Finalized category ID 16 (Containers), 15 items
SCRIPT       : 05:14:59.443 [EXPANSION DEBUG]: Finalized category ID 17 (Drinks), 9 items
SCRIPT       : 05:14:59.443 [EXPANSION DEBUG]: Finalized category ID 18 (Electronics), 8 items
SCRIPT       : 05:14:59.445 [EXPANSION DEBUG]: Finalized category ID 19 (Submachine_Guns), 9 items
SCRIPT       : 05:14:59.445 [EXPANSION DEBUG]: Finalized category ID 20 (Explosives_And_Grenades), 12 items
SCRIPT       : 05:14:59.445 [EXPANSION DEBUG]: Finalized category ID 21 (Eyewear), 10 items
SCRIPT       : 05:14:59.445 [EXPANSION DEBUG]: Finalized category ID 22 (Fish), 5 items
SCRIPT       : 05:14:59.445 [EXPANSION DEBUG]: Finalized category ID 23 (Fishing), 4 items
SCRIPT       : 05:14:59.445 [EXPANSION DEBUG]: Finalized category ID 24 (Food), 32 items
SCRIPT       : 05:14:59.445 [EXPANSION DEBUG]: Finalized category ID 25 (Ghillies), 12 items
SCRIPT       : 05:14:59.445 [EXPANSION DEBUG]: Finalized category ID 26 (Gloves), 15 items
SCRIPT       : 05:14:59.447 [EXPANSION DEBUG]: Finalized category ID 27 (Handguards), 9 items
SCRIPT       : 05:14:59.447 [EXPANSION DEBUG]: Finalized category ID 28 (Hats_And_Hoods), 38 items
SCRIPT       : 05:14:59.447 [EXPANSION DEBUG]: Finalized category ID 62 (Holsters_And_Pouches), 4 items
SCRIPT       : 05:14:59.447 [EXPANSION DEBUG]: Finalized category ID 29 (Helicopters), 4 items
SCRIPT       : 05:14:59.447 [EXPANSION DEBUG]: Finalized category ID 30 (Helmets), 55 items
SCRIPT       : 05:14:59.449 [EXPANSION DEBUG]: Finalized category ID 31 (Kits), 3 items
SCRIPT       : 05:14:59.449 [EXPANSION DEBUG]: Finalized category ID 32 (Knifes), 9 items
SCRIPT       : 05:14:59.449 [EXPANSION DEBUG]: Finalized category ID 33 (Launchers), 4 items
SCRIPT       : 05:14:59.449 [EXPANSION DEBUG]: Finalized category ID 34 (Lights), 15 items
SCRIPT       : 05:14:59.449 [EXPANSION DEBUG]: Finalized category ID 35 (Liquids), 2 items
SCRIPT       : 05:14:59.449 [EXPANSION DEBUG]: Finalized category ID 36 (Locks), 3 items
SCRIPT       : 05:14:59.449 [EXPANSION DEBUG]: Finalized category ID 37 (Magazines), 45 items
SCRIPT       : 05:14:59.451 [EXPANSION DEBUG]: Finalized category ID 38 (Masks), 18 items
SCRIPT       : 05:14:59.451 [EXPANSION DEBUG]: Finalized category ID 39 (Meat), 10 items
SCRIPT       : 05:14:59.451 [EXPANSION DEBUG]: Finalized category ID 40 (Medical), 18 items
SCRIPT       : 05:14:59.451 [EXPANSION DEBUG]: Finalized category ID 41 (Melee_Weapons), 9 items
SCRIPT       : 05:14:59.451 [EXPANSION DEBUG]: Finalized category ID 42 (Muzzles), 5 items
SCRIPT       : 05:14:59.451 [EXPANSION DEBUG]: Finalized category ID 43 (Navigation), 5 items
SCRIPT       : 05:14:59.451 [EXPANSION DEBUG]: Finalized category ID 44 (Optics), 23 items
SCRIPT       : 05:14:59.453 [EXPANSION DEBUG]: Finalized category ID 45 (Pants_And_Shorts), 79 items
SCRIPT       : 05:14:59.453 [EXPANSION DEBUG]: Finalized category ID 46 (Pistols), 12 items
SCRIPT       : 05:14:59.453 [EXPANSION DEBUG]: Finalized category ID 47 (Rifles), 9 items
SCRIPT       : 05:14:59.453 [EXPANSION DEBUG]: Finalized category ID 48 (Shirts_And_TShirts), 23 items
SCRIPT       : 05:14:59.453 [EXPANSION DEBUG]: Finalized category ID 49 (Shotguns), 5 items
SCRIPT       : 05:14:59.453 [EXPANSION DEBUG]: Finalized category ID 50 (Skirts_And_Dresses), 14 items
SCRIPT       : 05:14:59.453 [EXPANSION DEBUG]: Finalized category ID 51 (Sniper_Rifles), 6 items
SCRIPT       : 05:14:59.455 [EXPANSION DEBUG]: Finalized category ID 52 (Supplies), 31 items
SCRIPT       : 05:14:59.455 [EXPANSION DEBUG]: Finalized category ID 53 (Sweaters_And_Hoodies), 10 items
SCRIPT       : 05:14:59.455 [EXPANSION DEBUG]: Finalized category ID 54 (Tents), 11 items
SCRIPT       : 05:14:59.455 [EXPANSION DEBUG]: Finalized category ID 55 (Tools), 22 items
SCRIPT       : 05:14:59.455 [EXPANSION DEBUG]: Finalized category ID 56 (Fruit_And_Vegetables), 20 items
SCRIPT       : 05:14:59.457 [EXPANSION DEBUG]: Finalized category ID 57 (Vehicle_Parts), 111 items
SCRIPT       : 05:14:59.457 [EXPANSION DEBUG]: Finalized category ID 58 (Vests), 13 items
SCRIPT       : 05:14:59.457 [EXPANSION DEBUG]: Finalized category ID 59 (Crossbows), 1 items
SCRIPT       : 05:14:59.457 [EXPANSION DEBUG]: Finalized category ID 60 (Event), 7 items
SCRIPT       : 05:14:59.457 [EXPANSION DEBUG]: Finalized category ID 61 (Spraycans), 41 items
SCRIPT       : 05:14:59.457 [EXPANSION DEBUG]: Finalized category ID 63 (Flags), 91 items
SCRIPT       : 05:14:59.458 [EXPANSION DEBUG]: Finalized category ID 64 (Bayonets), 5 items
SCRIPT       : 05:14:59.458 [EXPANSION DEBUG]: Finalized category ID 65 (Furnishings), 2 items
SCRIPT       : [ExpansionMarketSettings] Loading default settings
SCRIPT       : [ExpansionMarketSettings] Saving settings
SCRIPT       : [ExpansionDebugSettings] Loading settings
SCRIPT       : [ExpansionLogSettings] Loading default settings
SCRIPT       : [ExpansionLogSettings] Saving settings
SCRIPT       : [ExpansionSafeZoneSettings] Loading default settings
SCRIPT       : [ExpansionSafeZoneSettings] Saving settings
SCRIPT    (W): @"eAI/Scripts/5_Mission/eai\eaidynamicpatrol.c,65": Unsafe down-casting, use 'PlayerBase.Cast' for safe down-casting
SCRIPT    (W): @"eAI/Scripts/5_Mission/eai\eaigame.c,292": Unsafe down-casting, use 'PlayerBase.Cast' for safe down-casting
SCRIPT    (W): @"eAI/Scripts/5_Mission/eai\eaigame.c,306": Unsafe down-casting, use 'PlayerBase.Cast' for safe down-casting
SCRIPT    (W): @"eAI/Scripts/5_Mission/eai\eaigame.c,320": Unsafe down-casting, use 'PlayerBase.Cast' for safe down-casting
SCRIPT       : Creating ModuleManager
SCRIPT       : CF_CreateWorld()
SCRIPT       : Inserted Module (HOST): ExpansionGlobalChatModule
SCRIPT       : Inserted Module (HOST): ExpansionNotificationModule
SCRIPT       : Deleted Module: ExpansionLocatorModule
SCRIPT       : Inserted Module (HOST): ExpansionPartyModule
SCRIPT       : Inserted Module (HOST): ExpansionMarkerModule
SCRIPT       : Inserted Module (HOST): ExpansionMissionModule
SCRIPT       : Inserted Module (HOST): ExpansionTerritoryModule
SCRIPT       : Inserted Module (HOST): ExpansionInteriorBuildingModule
SCRIPT       : Inserted Module (HOST): ExpansionWorldMappingModule
SCRIPT       : Inserted Module (HOST): ExpansionAutorunModule
SCRIPT       : Inserted Module (HOST): ExpansionMonitorModule
SCRIPT       : Inserted Module (HOST): ExpansionKillFeedModule
SCRIPT       : Inserted Module (HOST): ExpansionESPModificationModule
SCRIPT       : Inserted Module (HOST): ExpansionCOTVehiclesModule
SCRIPT       : Inserted Module (HOST): ExpansionCOTDebugModule
SCRIPT       : Inserted Module (HOST): ExpansionCOTTerritoriesModule
SCRIPT       : Inserted Module (HOST): ExpansionCOTAirdropModule
SCRIPT       : Inserted Module (HOST): ExpansionCOTBaseBuildingModule
SCRIPT       : Inserted Module (HOST): ExpansionCOTGeneralModule
SCRIPT       : Inserted Module (HOST): ExpansionCOTMapModule
SCRIPT       : Inserted Module (HOST): ExpansionCOTNotificationModule
SCRIPT       : Inserted Module (HOST): ExpansionCOTPartyModule
SCRIPT       : Inserted Module (HOST): ExpansionCOTRaidModule
SCRIPT       : Inserted Module (HOST): ExpansionCOTSpawningModule
SCRIPT       : Inserted Module (HOST): ExpansionCOTVehicleModule
SCRIPT       : Inserted Module (HOST): ExpansionGameMissionSelecterModule
SCRIPT       : Deleted Module: ExpansionClientSettingsModule
SCRIPT       : Inserted Module (HOST): ExpansionRespawnHandlerModule
SCRIPT       : Inserted Module (HOST): ExpansionCOTBookModule
SCRIPT       : Inserted Module (HOST): ExpansionMarketModule
SCRIPT       : Inserted Module (HOST): ExpansionSkinModule
SCRIPT       : Inserted Module (HOST): ExpansionSafeZoneModule
SCRIPT       : Inserted Module (HOST): COTModule
SCRIPT       : Inserted Module (HOST): JMWebhookModule
SCRIPT       : Inserted Module (HOST): JMPlayerModule
SCRIPT       : Inserted Module (HOST): JMObjectSpawnerModule
SCRIPT       : Inserted Module (HOST): JMESPModule
SCRIPT       : Inserted Module (HOST): JMTeleportModule
SCRIPT       : Inserted Module (HOST): JMCameraModule
SCRIPT       : Inserted Module (HOST): JMVehicleSpawnerModule
SCRIPT       : Inserted Module (HOST): JMItemSetSpawnerModule
SCRIPT       : Inserted Module (HOST): JMWeatherOldModule
SCRIPT       : Inserted Module (HOST): JMMapModule
SCRIPT       : Inserted Module (HOST): JMCommandModule
SCRIPT       : Inserted Module (HOST): JMNamalskEventManagerModule
SCRIPT       : Modules Loaded
SCRIPT       : 0 -> ExpansionGlobalChatModule
SCRIPT       : 1 -> ExpansionNotificationModule
SCRIPT       : 2 -> ExpansionPartyModule
SCRIPT       : 3 -> ExpansionMarkerModule
SCRIPT       : 4 -> ExpansionMissionModule
SCRIPT       : 5 -> ExpansionTerritoryModule
SCRIPT       : 6 -> ExpansionInteriorBuildingModule
SCRIPT       : 7 -> ExpansionWorldMappingModule
SCRIPT       : 8 -> ExpansionAutorunModule
SCRIPT       : 9 -> ExpansionMonitorModule
SCRIPT       : 10 -> ExpansionKillFeedModule
SCRIPT       : 11 -> ExpansionESPModificationModule
SCRIPT       : 12 -> ExpansionCOTVehiclesModule
SCRIPT       : 13 -> ExpansionCOTDebugModule
SCRIPT       : 14 -> ExpansionCOTTerritoriesModule
SCRIPT       : 15 -> ExpansionCOTAirdropModule
SCRIPT       : 16 -> ExpansionCOTBaseBuildingModule
SCRIPT       : 17 -> ExpansionCOTGeneralModule
SCRIPT       : 18 -> ExpansionCOTMapModule
SCRIPT       : 19 -> ExpansionCOTNotificationModule
SCRIPT       : 20 -> ExpansionCOTPartyModule
SCRIPT       : 21 -> ExpansionCOTRaidModule
SCRIPT       : 22 -> ExpansionCOTSpawningModule
SCRIPT       : 23 -> ExpansionCOTVehicleModule
SCRIPT       : 24 -> ExpansionGameMissionSelecterModule
SCRIPT       : 25 -> ExpansionRespawnHandlerModule
SCRIPT       : 26 -> ExpansionCOTBookModule
SCRIPT       : 27 -> ExpansionMarketModule
SCRIPT       : 28 -> ExpansionSkinModule
SCRIPT       : 29 -> ExpansionSafeZoneModule
SCRIPT       : 30 -> COTModule
SCRIPT       : 31 -> JMWebhookModule
SCRIPT       : 32 -> JMPlayerModule
SCRIPT       : 33 -> JMObjectSpawnerModule
SCRIPT       : 34 -> JMESPModule
SCRIPT       : 35 -> JMTeleportModule
SCRIPT       : 36 -> JMCameraModule
SCRIPT       : 37 -> JMVehicleSpawnerModule
SCRIPT       : 38 -> JMItemSetSpawnerModule
SCRIPT       : 39 -> JMWeatherOldModule
SCRIPT       : 40 -> JMMapModule
SCRIPT       : 41 -> JMCommandModule
SCRIPT       : 42 -> JMNamalskEventManagerModule
SCRIPT       : [DefineTest] EXPANSIONMODCORE is defined
SCRIPT       : [DefineTest] EXPANSIONMOD is defined
SCRIPT       : [DefineTest] EXPANSIONMODVEHICLE is defined
SCRIPT       : [DefineTest] EXPANSIONMODMARKET is defined
SCRIPT       : [DefineTest] EXPANSIONMODBOOK is defined
SCRIPT       : [DefineTest] CfgMods:
SCRIPT       : defaultAction
SCRIPT       : DZ_Expansion_Book_Preload
SCRIPT       : DZ_Expansion_Core_Preload
SCRIPT       : DZ_Expansion_Market_Preload
SCRIPT       : DZ_Expansion_Preload
SCRIPT       : DZ_Expansion_Vehicles_Preload
SCRIPT       : DZ_Expansion_DefineTest
SCRIPT       : DayZ
SCRIPT       : bliss
SCRIPT       : DZ_eAI_Preload
SCRIPT       : DZ_DabsFramework
SCRIPT       : JM_CommunityFramework
SCRIPT       : JM_CommunityOnlineTools
SCRIPT       : sVisual
SCRIPT       : NamalskIsland
SCRIPT       : NamalskSurvival
SCRIPT       : DZ_Expansion_Core
SCRIPT       : DZ_Expansion_Market
SCRIPT       : DZ_Expansion_PlayerList
SCRIPT       : DZ_Expansion_Vehicles
SCRIPT       : eAI
SCRIPT       : sGunplay
SCRIPT       : DZ_Expansion_Book
SCRIPT       : DZ_Expansion
SCRIPT       : Expansion version: 1.5.1
SCRIPT       : eAI - Loaded Mission, Reading $profile/eAI directory
SCRIPT       : HumanLoadout: eAI/Scripts/Data/Loadout/SoldierLoadout.json doesn't exist. Creating a default file: $profile:eAI/SoldierLoadout.json
SCRIPT       : HumanLoadout: Saving loadout to $profile:eAI/SoldierLoadout.json
SCRIPT       : HumanLoadout: $profile:eAI/SoldierLoadout.json exists, loading!
SCRIPT       : [Namalsk][NamEventManager]: Next selection will occur in 707 seconds
SCRIPT       : [Namalsk][NamEventManager]: NamEventManager is now running
SCRIPT       : [wpnfsm] Warning! OnStoreLoad - cannot load curent weapon state, id=0
SCRIPT       : [wpnfsm] Warning! OnStoreLoad - cannot load curent weapon state, id=0
SCRIPT       : [wpnfsm] Warning! OnStoreLoad - cannot load curent weapon state, id=0
SCRIPT       : [wpnfsm] Warning! OnStoreLoad - cannot load curent weapon state, id=0
SCRIPT       : ExpansionMarketItem marketItem = ExpansionMarketItem<bc191da0>
SCRIPT       : ExpansionMarketCurrency worth = 10000
SCRIPT       : ExpansionMarketItem marketItem = ExpansionMarketItem<bc1916a0>
SCRIPT       : ExpansionMarketCurrency worth = 100
SCRIPT       : ExpansionMarketItem marketItem = ExpansionMarketItem<bc1914e0>
SCRIPT       : ExpansionMarketCurrency worth = 10
SCRIPT       : ExpansionMarketItem marketItem = ExpansionMarketItem<bc1925f0>
SCRIPT       : ExpansionMarketCurrency worth = 1
SCRIPT       : eAI: Filtering 59 classnames
SCRIPT       : eAI: Reading config class eAI_SurvivorF_Naomi
SCRIPT       : eAI: Purged config class eAI_SurvivorF_Naomi
SCRIPT       : eAI: Reading config class eAI_SurvivorF_Keiko
SCRIPT       : eAI: Purged config class eAI_SurvivorF_Keiko
SCRIPT       : eAI: Reading config class eAI_SurvivorF_Judy
SCRIPT       : eAI: Purged config class eAI_SurvivorF_Judy
SCRIPT       : eAI: Reading config class eAI_SurvivorF_Irena
SCRIPT       : eAI: Purged config class eAI_SurvivorF_Irena
SCRIPT       : eAI: Reading config class eAI_SurvivorF_Helga
SCRIPT       : eAI: Purged config class eAI_SurvivorF_Helga
SCRIPT       : eAI: Reading config class eAI_SurvivorF_Gabi
SCRIPT       : eAI: Purged config class eAI_SurvivorF_Gabi
SCRIPT       : eAI: Reading config class eAI_SurvivorF_Frida
SCRIPT       : eAI: Purged config class eAI_SurvivorF_Frida
SCRIPT       : eAI: Reading config class eAI_SurvivorF_Maria
SCRIPT       : eAI: Purged config class eAI_SurvivorF_Maria
SCRIPT       : eAI: Reading config class eAI_SurvivorF_Linda
SCRIPT       : eAI: Purged config class eAI_SurvivorF_Linda
SCRIPT       : eAI: Reading config class eAI_SurvivorM_Taiki
SCRIPT       : eAI: Purged config class eAI_SurvivorM_Taiki
SCRIPT       : eAI: Reading config class eAI_SurvivorM_Seth
SCRIPT       : eAI: Purged config class eAI_SurvivorM_Seth
SCRIPT       : eAI: Reading config class eAI_SurvivorM_Rolf
SCRIPT       : eAI: Purged config class eAI_SurvivorM_Rolf
SCRIPT       : eAI: Reading config class eAI_SurvivorM_Quinn
SCRIPT       : eAI: Purged config class eAI_SurvivorM_Quinn
SCRIPT       : eAI: Reading config class eAI_SurvivorM_Peter
SCRIPT       : eAI: Purged config class eAI_SurvivorM_Peter
SCRIPT       : eAI: Reading config class eAI_SurvivorM_Oliver
SCRIPT       : eAI: Purged config class eAI_SurvivorM_Oliver
SCRIPT       : eAI: Reading config class eAI_SurvivorM_Niki
SCRIPT       : eAI: Purged config class eAI_SurvivorM_Niki
SCRIPT       : eAI: Reading config class eAI_SurvivorM_Manua
SCRIPT       : eAI: Purged config class eAI_SurvivorM_Manua
SCRIPT       : eAI: Reading config class eAI_SurvivorM_Lewis
SCRIPT       : eAI: Purged config class eAI_SurvivorM_Lewis
SCRIPT       : eAI: Reading config class eAI_SurvivorM_Kaito
SCRIPT       : eAI: Purged config class eAI_SurvivorM_Kaito
SCRIPT       : eAI: Reading config class eAI_SurvivorM_Jose
SCRIPT       : eAI: Purged config class eAI_SurvivorM_Jose
SCRIPT       : eAI: Reading config class eAI_SurvivorM_Indar
SCRIPT       : eAI: Purged config class eAI_SurvivorM_Indar
SCRIPT       : eAI: Reading config class eAI_SurvivorM_Hassan
SCRIPT       : eAI: Purged config class eAI_SurvivorM_Hassan
SCRIPT       : eAI: Reading config class eAI_SurvivorM_Guo
SCRIPT       : eAI: Purged config class eAI_SurvivorM_Guo
SCRIPT       : eAI: Reading config class eAI_SurvivorM_Francis
SCRIPT       : eAI: Purged config class eAI_SurvivorM_Francis
SCRIPT       : eAI: Reading config class eAI_SurvivorM_Elias
SCRIPT       : eAI: Purged config class eAI_SurvivorM_Elias
SCRIPT       : eAI: Reading config class eAI_SurvivorM_Cyril
SCRIPT       : eAI: Purged config class eAI_SurvivorM_Cyril
SCRIPT       : eAI: Reading config class eAI_SurvivorM_Boris
SCRIPT       : eAI: Purged config class eAI_SurvivorM_Boris
SCRIPT       : eAI: Reading config class eAI_SurvivorM_Denis
SCRIPT       : eAI: Purged config class eAI_SurvivorM_Denis
SCRIPT       : eAI: Reading config class eAI_SurvivorM_Mirek
SCRIPT       : eAI: Purged config class eAI_SurvivorM_Mirek
SCRIPT       : eAI: Reading config class SurvivorF_Naomi
SCRIPT       : eAI: Reading config class SurvivorF_Maria
SCRIPT       : eAI: Reading config class SurvivorF_Linda
SCRIPT       : eAI: Reading config class SurvivorF_Keiko
SCRIPT       : eAI: Reading config class SurvivorF_Judy
SCRIPT       : eAI: Reading config class SurvivorF_Irena
SCRIPT       : eAI: Reading config class SurvivorF_Helga
SCRIPT       : eAI: Reading config class SurvivorF_Gabi
SCRIPT       : eAI: Reading config class SurvivorF_Frida
SCRIPT       : eAI: Reading config class SurvivorF_Eva
SCRIPT       : eAI: Reading config class SurvivorM_Taiki
SCRIPT       : eAI: Reading config class SurvivorM_Seth
SCRIPT       : eAI: Reading config class SurvivorM_Rolf
SCRIPT       : eAI: Reading config class SurvivorM_Quinn
SCRIPT       : eAI: Reading config class SurvivorM_Peter
SCRIPT       : eAI: Reading config class SurvivorM_Oliver
SCRIPT       : eAI: Reading config class SurvivorM_Niki
SCRIPT       : eAI: Reading config class SurvivorM_Manua
SCRIPT       : eAI: Reading config class SurvivorM_Lewis
SCRIPT       : eAI: Reading config class SurvivorM_Kaito
SCRIPT       : eAI: Reading config class SurvivorM_Jose
SCRIPT       : eAI: Reading config class SurvivorM_Indar
SCRIPT       : eAI: Reading config class SurvivorM_Hassan
SCRIPT       : eAI: Reading config class SurvivorM_Guo
SCRIPT       : eAI: Reading config class SurvivorM_Francis
SCRIPT       : eAI: Reading config class SurvivorM_Elias
SCRIPT       : eAI: Reading config class SurvivorM_Denis
SCRIPT       : eAI: Reading config class SurvivorM_Cyril
SCRIPT       : eAI: Reading config class SurvivorM_Boris
SCRIPT       : eAI: Reading config class SurvivorM_Mirek
SCRIPT       : ~DayZGame()
