---------------------------------------------
Log E:\Games\SteamLibrary\steamapps\common\DayZServer\config\script_2021-09-07_05-21-27.log started at 07.09. 05:21:27

SCRIPT       : Registered 305 temporary action enum(s), UAN==305
SCRIPT    (W): @"eAI/Scripts/3_Game/eai\gui\eaicommandmenu.c,285": Unsafe down-casting, use 'ButtonWidget.Cast' for safe down-casting
SCRIPT       : CF_CreateGame()
SCRIPT       : ... Backlit Effects Enabled
SCRIPT    (W): @"eAI/Scripts/4_World/eai\entities\weapon_base.c,175": Unsafe down-casting, use 'EntityAI.Cast' for safe down-casting
SCRIPT    (W): @"eAI/Scripts/4_World/eai\eaiimplementaiming.c,32": No need to use 'Cast' for up-casting
SCRIPT    (W): @"eAI/Scripts/4_World/eai\entities\eaibase.c,290": Unsafe down-casting, use 'EntityAI.Cast' for safe down-casting
SCRIPT       : [ExpansionAirdropSettings] Loading settings
SCRIPT       : [ExpansionBaseBuildingSettings] Loading default settings
SCRIPT       : [ExpansionGeneralSettings] Loading default settings
SCRIPT       : [ExpansionMapSettings] Loading default settings
SCRIPT       : [ExpansionMissionSettings] Loading settings
SCRIPT    (E): JSON ERROR DayZExpansion/Scripts/4_World/dayzexpansion\entities\houses\buildingbase.c:38
SCRIPT    (E): 
JSON ERROR:
Invalid value.
Function: 'Error'
Stack trace:
scripts/1_Core/proto\endebug.c:44
scripts/3_Game/tools\jsonfileloader.c:29
DayZExpansion/Scripts/3_Game/dayzexpansion\settings\missions\expansionmissionsettings.c:148
DayZExpansion/Core/3_Game/dayzexpansion_core\settings\expansionsettingbase.c:45
DayZExpansion/Core/3_Game/dayzexpansion_core\settings\expansionsettings.c:81
DayZExpansion/Scripts/3_Game/dayzexpansion\settings\expansionsettings.c:54
DayZExpansion/Core/3_Game/dayzexpansion_core\settings\expansionsettings.c:203
DayZExpansion/Market/Scripts/3_Game/dayzexpansion_market\settings\expansionsettings.c:84
DayZExpansion/Vehicles/Scripts/3_Game/dayzexpansion_vehicles\settings\expansionsettings.c:84
DayZExpansion/Book/Scripts/3_Game/dayzexpansion_book\settings\expansionsettings.c:75
DayZExpansion/Scripts/3_Game/dayzexpansion\settings\expansionsettings.c:183
DayZExpansion/Core/3_Game/dayzexpansion_core\settings\expansionsettings.c:352
DayZExpansion/Scripts/4_World/dayzexpansion\entities\houses\buildingbase.c:38
SCRIPT       : [ExpansionNotificationSettings] Loading default settings
SCRIPT       : [ExpansionPartySettings] Loading default settings
SCRIPT       : [ExpansionRaidSettings] Loading default settings
SCRIPT       : [ExpansionSpawnSettings] Loading default settings
SCRIPT       : [ExpansionTerritorySettings] Loading default settings
SCRIPT       : [ExpansionPlayerListSettings] Loading settings
SCRIPT       : [ExpansionSocialMediaSettings] Loading default settings
SCRIPT       : 05:21:36.910 [EXPANSION DEBUG]: [ExpansionBookSettings] Load default settings v2
SCRIPT       : [ExpansionVehicleSettings] Loading default settings
SCRIPT       : [ExpansionMarketSettings] Loading default settings
SCRIPT       : 05:21:36.927 [EXPANSION DEBUG]: Finalized category ID 1 (Ammo), 43 items
SCRIPT       : ExpansionMarketSettings::LoadCategories - Adding category ID 1 (Ammo)
SCRIPT       : 05:21:36.931 [EXPANSION DEBUG]: Finalized category ID 2 (Ammo_Boxes), 23 items
SCRIPT       : ExpansionMarketSettings::LoadCategories - Adding category ID 2 (Ammo_Boxes)
SCRIPT       : 05:21:36.935 [EXPANSION DEBUG]: Finalized category ID 3 (Armbands), 8 items
SCRIPT       : ExpansionMarketSettings::LoadCategories - Adding category ID 3 (Armbands)
SCRIPT       : 05:21:36.937 [EXPANSION DEBUG]: Finalized category ID 4 (Assault_Rifles), 8 items
SCRIPT       : ExpansionMarketSettings::LoadCategories - Adding category ID 4 (Assault_Rifles)
SCRIPT       : 05:21:36.939 [EXPANSION DEBUG]: Finalized category ID 5 (Backpacks), 30 items
SCRIPT       : ExpansionMarketSettings::LoadCategories - Adding category ID 5 (Backpacks)
SCRIPT       : 05:21:36.943 [EXPANSION DEBUG]: Finalized category ID 6 (Bandanas), 8 items
SCRIPT       : ExpansionMarketSettings::LoadCategories - Adding category ID 6 (Bandanas)
SCRIPT       : 05:21:36.945 [EXPANSION DEBUG]: Finalized category ID 7 (Batteries), 4 items
SCRIPT       : ExpansionMarketSettings::LoadCategories - Adding category ID 7 (Batteries)
SCRIPT       : 05:21:36.949 [EXPANSION DEBUG]: Finalized category ID 8 (Bayonets), 5 items
SCRIPT       : ExpansionMarketSettings::LoadCategories - Adding category ID 8 (Bayonets)
SCRIPT       : 05:21:36.951 [EXPANSION DEBUG]: Finalized category ID 9 (Belts), 2 items
SCRIPT       : ExpansionMarketSettings::LoadCategories - Adding category ID 9 (Belts)
SCRIPT       : 05:21:36.953 [EXPANSION DEBUG]: Finalized category ID 10 (Blouses_And_Suits), 20 items
SCRIPT       : ExpansionMarketSettings::LoadCategories - Adding category ID 10 (Blouses_And_Suits)
SCRIPT       : 05:21:36.955 [EXPANSION DEBUG]: Finalized category ID 11 (Boats), 3 items
SCRIPT       : ExpansionMarketSettings::LoadCategories - Adding category ID 11 (Boats)
SCRIPT       : 05:21:36.960 [EXPANSION DEBUG]: Finalized category ID 12 (Boots_And_Shoes), 56 items
SCRIPT       : ExpansionMarketSettings::LoadCategories - Adding category ID 12 (Boots_And_Shoes)
SCRIPT       : 05:21:36.964 [EXPANSION DEBUG]: Finalized category ID 13 (Buttstocks), 15 items
SCRIPT       : ExpansionMarketSettings::LoadCategories - Adding category ID 13 (Buttstocks)
SCRIPT       : 05:21:36.966 [EXPANSION DEBUG]: Finalized category ID 14 (Caps), 30 items
SCRIPT       : ExpansionMarketSettings::LoadCategories - Adding category ID 14 (Caps)
SCRIPT       : 05:21:36.970 [EXPANSION DEBUG]: Finalized category ID 15 (Cars), 12 items
SCRIPT       : ExpansionMarketSettings::LoadCategories - Adding category ID 15 (Cars)
SCRIPT       : 05:21:36.974 [EXPANSION DEBUG]: Finalized category ID 16 (Coats_And_Jackets), 76 items
SCRIPT       : ExpansionMarketSettings::LoadCategories - Adding category ID 16 (Coats_And_Jackets)
SCRIPT       : 05:21:36.976 [EXPANSION DEBUG]: Finalized category ID 17 (Containers), 15 items
SCRIPT       : ExpansionMarketSettings::LoadCategories - Adding category ID 17 (Containers)
SCRIPT       : 05:21:36.978 [EXPANSION DEBUG]: Finalized category ID 18 (Crossbows), 1 items
SCRIPT       : ExpansionMarketSettings::LoadCategories - Adding category ID 18 (Crossbows)
SCRIPT       : 05:21:36.982 [EXPANSION DEBUG]: Finalized category ID 19 (Drinks), 9 items
SCRIPT       : ExpansionMarketSettings::LoadCategories - Adding category ID 19 (Drinks)
SCRIPT       : 05:21:36.984 [EXPANSION DEBUG]: Finalized category ID 20 (Electronics), 8 items
SCRIPT       : ExpansionMarketSettings::LoadCategories - Adding category ID 20 (Electronics)
SCRIPT       : 05:21:36.988 [EXPANSION DEBUG]: Finalized category ID 21 (Event), 7 items
SCRIPT       : ExpansionMarketSettings::LoadCategories - Adding category ID 21 (Event)
SCRIPT       : 05:21:36.990 [EXPANSION DEBUG]: Finalized category ID 22 (Exchange), 4 items
SCRIPT       : ExpansionMarketSettings::LoadCategories - Adding category ID 22 (Exchange)
SCRIPT       : 05:21:36.992 [EXPANSION DEBUG]: Finalized category ID 23 (Explosives_And_Grenades), 12 items
SCRIPT       : ExpansionMarketSettings::LoadCategories - Adding category ID 23 (Explosives_And_Grenades)
SCRIPT       : 05:21:36.996 [EXPANSION DEBUG]: Finalized category ID 24 (Eyewear), 10 items
SCRIPT       : ExpansionMarketSettings::LoadCategories - Adding category ID 24 (Eyewear)
SCRIPT       : 05:21:36.998 [EXPANSION DEBUG]: Finalized category ID 25 (Fish), 5 items
SCRIPT       : ExpansionMarketSettings::LoadCategories - Adding category ID 25 (Fish)
SCRIPT       : 05:21:37.001 [EXPANSION DEBUG]: Finalized category ID 26 (Fishing), 4 items
SCRIPT       : ExpansionMarketSettings::LoadCategories - Adding category ID 26 (Fishing)
SCRIPT       : 05:21:37.009 [EXPANSION DEBUG]: Finalized category ID 27 (Flags), 91 items
SCRIPT       : ExpansionMarketSettings::LoadCategories - Adding category ID 27 (Flags)
SCRIPT       : 05:21:37.013 [EXPANSION DEBUG]: Finalized category ID 28 (Food), 32 items
SCRIPT       : ExpansionMarketSettings::LoadCategories - Adding category ID 28 (Food)
SCRIPT       : 05:21:37.017 [EXPANSION DEBUG]: Finalized category ID 29 (Fruit_And_Vegetables), 20 items
SCRIPT       : ExpansionMarketSettings::LoadCategories - Adding category ID 29 (Fruit_And_Vegetables)
SCRIPT       : 05:21:37.019 [EXPANSION DEBUG]: Finalized category ID 30 (Furnishings), 2 items
SCRIPT       : ExpansionMarketSettings::LoadCategories - Adding category ID 30 (Furnishings)
SCRIPT       : 05:21:37.023 [EXPANSION DEBUG]: Finalized category ID 31 (Ghillies), 12 items
SCRIPT       : ExpansionMarketSettings::LoadCategories - Adding category ID 31 (Ghillies)
SCRIPT       : 05:21:37.025 [EXPANSION DEBUG]: Finalized category ID 32 (Gloves), 15 items
SCRIPT       : ExpansionMarketSettings::LoadCategories - Adding category ID 32 (Gloves)
SCRIPT       : 05:21:37.029 [EXPANSION DEBUG]: Finalized category ID 33 (Handguards), 9 items
SCRIPT       : ExpansionMarketSettings::LoadCategories - Adding category ID 33 (Handguards)
SCRIPT       : 05:21:37.031 [EXPANSION DEBUG]: Finalized category ID 34 (Hats_And_Hoods), 38 items
SCRIPT       : ExpansionMarketSettings::LoadCategories - Adding category ID 34 (Hats_And_Hoods)
SCRIPT       : 05:21:37.035 [EXPANSION DEBUG]: Finalized category ID 35 (Helicopters), 4 items
SCRIPT       : ExpansionMarketSettings::LoadCategories - Adding category ID 35 (Helicopters)
SCRIPT       : 05:21:37.041 [EXPANSION DEBUG]: Finalized category ID 36 (Helmets), 55 items
SCRIPT       : ExpansionMarketSettings::LoadCategories - Adding category ID 36 (Helmets)
SCRIPT       : 05:21:37.044 [EXPANSION DEBUG]: Finalized category ID 37 (Holsters_And_Pouches), 4 items
SCRIPT       : ExpansionMarketSettings::LoadCategories - Adding category ID 37 (Holsters_And_Pouches)
SCRIPT       : 05:21:37.046 [EXPANSION DEBUG]: Finalized category ID 38 (Kits), 3 items
SCRIPT       : ExpansionMarketSettings::LoadCategories - Adding category ID 38 (Kits)
SCRIPT       : 05:21:37.048 [EXPANSION DEBUG]: Finalized category ID 39 (Knifes), 9 items
SCRIPT       : ExpansionMarketSettings::LoadCategories - Adding category ID 39 (Knifes)
SCRIPT       : 05:21:37.052 [EXPANSION DEBUG]: Finalized category ID 40 (Launchers), 4 items
SCRIPT       : ExpansionMarketSettings::LoadCategories - Adding category ID 40 (Launchers)
SCRIPT       : 05:21:37.054 [EXPANSION DEBUG]: Finalized category ID 41 (Lights), 15 items
SCRIPT       : ExpansionMarketSettings::LoadCategories - Adding category ID 41 (Lights)
SCRIPT       : 05:21:37.058 [EXPANSION DEBUG]: Finalized category ID 42 (Liquids), 2 items
SCRIPT       : ExpansionMarketSettings::LoadCategories - Adding category ID 42 (Liquids)
SCRIPT       : 05:21:37.060 [EXPANSION DEBUG]: Finalized category ID 43 (Locks), 3 items
SCRIPT       : ExpansionMarketSettings::LoadCategories - Adding category ID 43 (Locks)
SCRIPT       : 05:21:37.064 [EXPANSION DEBUG]: Finalized category ID 44 (Magazines), 45 items
SCRIPT       : ExpansionMarketSettings::LoadCategories - Adding category ID 44 (Magazines)
SCRIPT       : 05:21:37.068 [EXPANSION DEBUG]: Finalized category ID 45 (Masks), 18 items
SCRIPT       : ExpansionMarketSettings::LoadCategories - Adding category ID 45 (Masks)
SCRIPT       : 05:21:37.072 [EXPANSION DEBUG]: Finalized category ID 46 (Meat), 10 items
SCRIPT       : ExpansionMarketSettings::LoadCategories - Adding category ID 46 (Meat)
SCRIPT       : 05:21:37.076 [EXPANSION DEBUG]: Finalized category ID 47 (Medical), 18 items
SCRIPT       : ExpansionMarketSettings::LoadCategories - Adding category ID 47 (Medical)
SCRIPT       : 05:21:37.078 [EXPANSION DEBUG]: Finalized category ID 48 (Melee_Weapons), 9 items
SCRIPT       : ExpansionMarketSettings::LoadCategories - Adding category ID 48 (Melee_Weapons)
SCRIPT       : 05:21:37.082 [EXPANSION DEBUG]: Finalized category ID 49 (Muzzles), 5 items
SCRIPT       : ExpansionMarketSettings::LoadCategories - Adding category ID 49 (Muzzles)
SCRIPT       : 05:21:37.085 [EXPANSION DEBUG]: Finalized category ID 50 (Navigation), 5 items
SCRIPT       : ExpansionMarketSettings::LoadCategories - Adding category ID 50 (Navigation)
SCRIPT       : 05:21:37.089 [EXPANSION DEBUG]: Finalized category ID 51 (Optics), 23 items
SCRIPT       : ExpansionMarketSettings::LoadCategories - Adding category ID 51 (Optics)
SCRIPT       : 05:21:37.093 [EXPANSION DEBUG]: Finalized category ID 52 (Pants_And_Shorts), 79 items
SCRIPT       : ExpansionMarketSettings::LoadCategories - Adding category ID 52 (Pants_And_Shorts)
SCRIPT       : 05:21:37.097 [EXPANSION DEBUG]: Finalized category ID 53 (Pistols), 12 items
SCRIPT       : ExpansionMarketSettings::LoadCategories - Adding category ID 53 (Pistols)
SCRIPT       : 05:21:37.099 [EXPANSION DEBUG]: Finalized category ID 54 (Rifles), 9 items
SCRIPT       : ExpansionMarketSettings::LoadCategories - Adding category ID 54 (Rifles)
SCRIPT       : 05:21:37.103 [EXPANSION DEBUG]: Finalized category ID 55 (Shirts_And_TShirts), 23 items
SCRIPT       : ExpansionMarketSettings::LoadCategories - Adding category ID 55 (Shirts_And_TShirts)
SCRIPT       : 05:21:37.107 [EXPANSION DEBUG]: Finalized category ID 56 (Shotguns), 5 items
SCRIPT       : ExpansionMarketSettings::LoadCategories - Adding category ID 56 (Shotguns)
SCRIPT       : 05:21:37.109 [EXPANSION DEBUG]: Finalized category ID 57 (Skirts_And_Dresses), 14 items
SCRIPT       : ExpansionMarketSettings::LoadCategories - Adding category ID 57 (Skirts_And_Dresses)
SCRIPT       : 05:21:37.113 [EXPANSION DEBUG]: Finalized category ID 58 (Sniper_Rifles), 6 items
SCRIPT       : ExpansionMarketSettings::LoadCategories - Adding category ID 58 (Sniper_Rifles)
SCRIPT       : 05:21:37.117 [EXPANSION DEBUG]: Finalized category ID 59 (Spraycans), 41 items
SCRIPT       : ExpansionMarketSettings::LoadCategories - Adding category ID 59 (Spraycans)
SCRIPT       : 05:21:37.121 [EXPANSION DEBUG]: Finalized category ID 60 (Submachine_Guns), 9 items
SCRIPT       : ExpansionMarketSettings::LoadCategories - Adding category ID 60 (Submachine_Guns)
SCRIPT       : 05:21:37.126 [EXPANSION DEBUG]: Finalized category ID 61 (Supplies), 31 items
SCRIPT       : ExpansionMarketSettings::LoadCategories - Adding category ID 61 (Supplies)
SCRIPT       : 05:21:37.128 [EXPANSION DEBUG]: Finalized category ID 62 (Sweaters_And_Hoodies), 10 items
SCRIPT       : ExpansionMarketSettings::LoadCategories - Adding category ID 62 (Sweaters_And_Hoodies)
SCRIPT       : 05:21:37.132 [EXPANSION DEBUG]: Finalized category ID 63 (Tents), 11 items
SCRIPT       : ExpansionMarketSettings::LoadCategories - Adding category ID 63 (Tents)
SCRIPT       : 05:21:37.134 [EXPANSION DEBUG]: Finalized category ID 64 (Tools), 22 items
SCRIPT       : ExpansionMarketSettings::LoadCategories - Adding category ID 64 (Tools)
SCRIPT       : 05:21:37.140 [EXPANSION DEBUG]: Finalized category ID 65 (Vehicle_Parts), 111 items
SCRIPT       : ExpansionMarketSettings::LoadCategories - Adding category ID 65 (Vehicle_Parts)
SCRIPT       : 05:21:37.144 [EXPANSION DEBUG]: Finalized category ID 66 (Vests), 13 items
SCRIPT       : ExpansionMarketSettings::LoadCategories - Adding category ID 66 (Vests)
SCRIPT       : [ExpansionDebugSettings] Loading settings
SCRIPT       : [ExpansionLogSettings] Loading settings
SCRIPT       : [ExpansionSafeZoneSettings] Loading default settings
SCRIPT    (W): @"eAI/Scripts/5_Mission/eai\eaidynamicpatrol.c,65": Unsafe down-casting, use 'PlayerBase.Cast' for safe down-casting
SCRIPT    (W): @"eAI/Scripts/5_Mission/eai\eaigame.c,292": Unsafe down-casting, use 'PlayerBase.Cast' for safe down-casting
SCRIPT    (W): @"eAI/Scripts/5_Mission/eai\eaigame.c,306": Unsafe down-casting, use 'PlayerBase.Cast' for safe down-casting
SCRIPT    (W): @"eAI/Scripts/5_Mission/eai\eaigame.c,320": Unsafe down-casting, use 'PlayerBase.Cast' for safe down-casting
SCRIPT       : Creating ModuleManager
SCRIPT       : CF_CreateWorld()
SCRIPT       : Inserted Module (HOST): ExpansionGlobalChatModule
SCRIPT       : Inserted Module (HOST): ExpansionNotificationModule
SCRIPT       : Deleted Module: ExpansionLocatorModule
SCRIPT       : Inserted Module (HOST): ExpansionPartyModule
SCRIPT       : Inserted Module (HOST): ExpansionMarkerModule
SCRIPT       : Inserted Module (HOST): ExpansionMissionModule
SCRIPT       : Inserted Module (HOST): ExpansionTerritoryModule
SCRIPT       : Inserted Module (HOST): ExpansionInteriorBuildingModule
SCRIPT       : Inserted Module (HOST): ExpansionWorldMappingModule
SCRIPT       : Inserted Module (HOST): ExpansionAutorunModule
SCRIPT       : Inserted Module (HOST): ExpansionMonitorModule
SCRIPT       : Inserted Module (HOST): ExpansionKillFeedModule
SCRIPT       : Inserted Module (HOST): ExpansionESPModificationModule
SCRIPT       : Inserted Module (HOST): ExpansionCOTVehiclesModule
SCRIPT       : Inserted Module (HOST): ExpansionCOTDebugModule
SCRIPT       : Inserted Module (HOST): ExpansionCOTTerritoriesModule
SCRIPT       : Inserted Module (HOST): ExpansionCOTAirdropModule
SCRIPT       : Inserted Module (HOST): ExpansionCOTBaseBuildingModule
SCRIPT       : Inserted Module (HOST): ExpansionCOTGeneralModule
SCRIPT       : Inserted Module (HOST): ExpansionCOTMapModule
SCRIPT       : Inserted Module (HOST): ExpansionCOTNotificationModule
SCRIPT       : Inserted Module (HOST): ExpansionCOTPartyModule
SCRIPT       : Inserted Module (HOST): ExpansionCOTRaidModule
SCRIPT       : Inserted Module (HOST): ExpansionCOTSpawningModule
SCRIPT       : Inserted Module (HOST): ExpansionCOTVehicleModule
SCRIPT       : Inserted Module (HOST): ExpansionGameMissionSelecterModule
SCRIPT       : Deleted Module: ExpansionClientSettingsModule
SCRIPT       : Inserted Module (HOST): ExpansionRespawnHandlerModule
SCRIPT       : Inserted Module (HOST): ExpansionCOTBookModule
SCRIPT       : Inserted Module (HOST): ExpansionMarketModule
SCRIPT       : Inserted Module (HOST): ExpansionSkinModule
SCRIPT       : Inserted Module (HOST): ExpansionSafeZoneModule
SCRIPT       : Inserted Module (HOST): COTModule
SCRIPT       : Inserted Module (HOST): JMWebhookModule
SCRIPT       : Inserted Module (HOST): JMPlayerModule
SCRIPT       : Inserted Module (HOST): JMObjectSpawnerModule
SCRIPT       : Inserted Module (HOST): JMESPModule
SCRIPT       : Inserted Module (HOST): JMTeleportModule
SCRIPT       : Inserted Module (HOST): JMCameraModule
SCRIPT       : Inserted Module (HOST): JMVehicleSpawnerModule
SCRIPT       : Inserted Module (HOST): JMItemSetSpawnerModule
SCRIPT       : Inserted Module (HOST): JMWeatherOldModule
SCRIPT       : Inserted Module (HOST): JMMapModule
SCRIPT       : Inserted Module (HOST): JMCommandModule
SCRIPT       : Inserted Module (HOST): JMNamalskEventManagerModule
SCRIPT       : Modules Loaded
SCRIPT       : 0 -> ExpansionGlobalChatModule
SCRIPT       : 1 -> ExpansionNotificationModule
SCRIPT       : 2 -> ExpansionPartyModule
SCRIPT       : 3 -> ExpansionMarkerModule
SCRIPT       : 4 -> ExpansionMissionModule
SCRIPT       : 5 -> ExpansionTerritoryModule
SCRIPT       : 6 -> ExpansionInteriorBuildingModule
SCRIPT       : 7 -> ExpansionWorldMappingModule
SCRIPT       : 8 -> ExpansionAutorunModule
SCRIPT       : 9 -> ExpansionMonitorModule
SCRIPT       : 10 -> ExpansionKillFeedModule
SCRIPT       : 11 -> ExpansionESPModificationModule
SCRIPT       : 12 -> ExpansionCOTVehiclesModule
SCRIPT       : 13 -> ExpansionCOTDebugModule
SCRIPT       : 14 -> ExpansionCOTTerritoriesModule
SCRIPT       : 15 -> ExpansionCOTAirdropModule
SCRIPT       : 16 -> ExpansionCOTBaseBuildingModule
SCRIPT       : 17 -> ExpansionCOTGeneralModule
SCRIPT       : 18 -> ExpansionCOTMapModule
SCRIPT       : 19 -> ExpansionCOTNotificationModule
SCRIPT       : 20 -> ExpansionCOTPartyModule
SCRIPT       : 21 -> ExpansionCOTRaidModule
SCRIPT       : 22 -> ExpansionCOTSpawningModule
SCRIPT       : 23 -> ExpansionCOTVehicleModule
SCRIPT       : 24 -> ExpansionGameMissionSelecterModule
SCRIPT       : 25 -> ExpansionRespawnHandlerModule
SCRIPT       : 26 -> ExpansionCOTBookModule
SCRIPT       : 27 -> ExpansionMarketModule
SCRIPT       : 28 -> ExpansionSkinModule
SCRIPT       : 29 -> ExpansionSafeZoneModule
SCRIPT       : 30 -> COTModule
SCRIPT       : 31 -> JMWebhookModule
SCRIPT       : 32 -> JMPlayerModule
SCRIPT       : 33 -> JMObjectSpawnerModule
SCRIPT       : 34 -> JMESPModule
SCRIPT       : 35 -> JMTeleportModule
SCRIPT       : 36 -> JMCameraModule
SCRIPT       : 37 -> JMVehicleSpawnerModule
SCRIPT       : 38 -> JMItemSetSpawnerModule
SCRIPT       : 39 -> JMWeatherOldModule
SCRIPT       : 40 -> JMMapModule
SCRIPT       : 41 -> JMCommandModule
SCRIPT       : 42 -> JMNamalskEventManagerModule
SCRIPT       : [DefineTest] EXPANSIONMODCORE is defined
SCRIPT       : [DefineTest] EXPANSIONMOD is defined
SCRIPT       : [DefineTest] EXPANSIONMODVEHICLE is defined
SCRIPT       : [DefineTest] EXPANSIONMODMARKET is defined
SCRIPT       : [DefineTest] EXPANSIONMODBOOK is defined
SCRIPT       : [DefineTest] CfgMods:
SCRIPT       : defaultAction
SCRIPT       : DZ_Expansion_Book_Preload
SCRIPT       : DZ_Expansion_Core_Preload
SCRIPT       : DZ_Expansion_Market_Preload
SCRIPT       : DZ_Expansion_Preload
SCRIPT       : DZ_Expansion_Vehicles_Preload
SCRIPT       : DZ_Expansion_DefineTest
SCRIPT       : DayZ
SCRIPT       : bliss
SCRIPT       : DZ_eAI_Preload
SCRIPT       : DZ_DabsFramework
SCRIPT       : JM_CommunityFramework
SCRIPT       : JM_CommunityOnlineTools
SCRIPT       : sVisual
SCRIPT       : NamalskIsland
SCRIPT       : NamalskSurvival
SCRIPT       : DZ_Expansion_Core
SCRIPT       : DZ_Expansion_Market
SCRIPT       : DZ_Expansion_PlayerList
SCRIPT       : DZ_Expansion_Vehicles
SCRIPT       : eAI
SCRIPT       : sGunplay
SCRIPT       : DZ_Expansion_Book
SCRIPT       : DZ_Expansion
SCRIPT       : Expansion version: 1.5.1
SCRIPT       : eAI - Loaded Mission, Reading $profile/eAI directory
SCRIPT       : HumanLoadout: $profile:eAI/SoldierLoadout.json exists, loading!
SCRIPT       : [Namalsk][NamEventManager]: Next selection will occur in 756 seconds
SCRIPT       : [Namalsk][NamEventManager]: NamEventManager is now running
SCRIPT       : [wpnfsm] Warning! OnStoreLoad - cannot load curent weapon state, id=0
SCRIPT       : [wpnfsm] Warning! OnStoreLoad - cannot load curent weapon state, id=0
SCRIPT       : [wpnfsm] Warning! OnStoreLoad - cannot load curent weapon state, id=0
SCRIPT       : [wpnfsm] Warning! OnStoreLoad - cannot load curent weapon state, id=0
SCRIPT       : ExpansionMarketItem marketItem = ExpansionMarketItem<ea511eb0>
SCRIPT       : ExpansionMarketCurrency worth = 10000
SCRIPT       : ExpansionMarketItem marketItem = ExpansionMarketItem<ea5123f0>
SCRIPT       : ExpansionMarketCurrency worth = 100
SCRIPT       : ExpansionMarketItem marketItem = ExpansionMarketItem<ea512690>
SCRIPT       : ExpansionMarketCurrency worth = 10
SCRIPT       : ExpansionMarketItem marketItem = ExpansionMarketItem<ea512850>
SCRIPT       : ExpansionMarketCurrency worth = 1
SCRIPT       : eAI: Filtering 59 classnames
SCRIPT       : eAI: Reading config class eAI_SurvivorF_Naomi
SCRIPT       : eAI: Purged config class eAI_SurvivorF_Naomi
SCRIPT       : eAI: Reading config class eAI_SurvivorF_Keiko
SCRIPT       : eAI: Purged config class eAI_SurvivorF_Keiko
SCRIPT       : eAI: Reading config class eAI_SurvivorF_Judy
SCRIPT       : eAI: Purged config class eAI_SurvivorF_Judy
SCRIPT       : eAI: Reading config class eAI_SurvivorF_Irena
SCRIPT       : eAI: Purged config class eAI_SurvivorF_Irena
SCRIPT       : eAI: Reading config class eAI_SurvivorF_Helga
SCRIPT       : eAI: Purged config class eAI_SurvivorF_Helga
SCRIPT       : eAI: Reading config class eAI_SurvivorF_Gabi
SCRIPT       : eAI: Purged config class eAI_SurvivorF_Gabi
SCRIPT       : eAI: Reading config class eAI_SurvivorF_Frida
SCRIPT       : eAI: Purged config class eAI_SurvivorF_Frida
SCRIPT       : eAI: Reading config class eAI_SurvivorF_Maria
SCRIPT       : eAI: Purged config class eAI_SurvivorF_Maria
SCRIPT       : eAI: Reading config class eAI_SurvivorF_Linda
SCRIPT       : eAI: Purged config class eAI_SurvivorF_Linda
SCRIPT       : eAI: Reading config class eAI_SurvivorM_Taiki
SCRIPT       : eAI: Purged config class eAI_SurvivorM_Taiki
SCRIPT       : eAI: Reading config class eAI_SurvivorM_Seth
SCRIPT       : eAI: Purged config class eAI_SurvivorM_Seth
SCRIPT       : eAI: Reading config class eAI_SurvivorM_Rolf
SCRIPT       : eAI: Purged config class eAI_SurvivorM_Rolf
SCRIPT       : eAI: Reading config class eAI_SurvivorM_Quinn
SCRIPT       : eAI: Purged config class eAI_SurvivorM_Quinn
SCRIPT       : eAI: Reading config class eAI_SurvivorM_Peter
SCRIPT       : eAI: Purged config class eAI_SurvivorM_Peter
SCRIPT       : eAI: Reading config class eAI_SurvivorM_Oliver
SCRIPT       : eAI: Purged config class eAI_SurvivorM_Oliver
SCRIPT       : eAI: Reading config class eAI_SurvivorM_Niki
SCRIPT       : eAI: Purged config class eAI_SurvivorM_Niki
SCRIPT       : eAI: Reading config class eAI_SurvivorM_Manua
SCRIPT       : eAI: Purged config class eAI_SurvivorM_Manua
SCRIPT       : eAI: Reading config class eAI_SurvivorM_Lewis
SCRIPT       : eAI: Purged config class eAI_SurvivorM_Lewis
SCRIPT       : eAI: Reading config class eAI_SurvivorM_Kaito
SCRIPT       : eAI: Purged config class eAI_SurvivorM_Kaito
SCRIPT       : eAI: Reading config class eAI_SurvivorM_Jose
SCRIPT       : eAI: Purged config class eAI_SurvivorM_Jose
SCRIPT       : eAI: Reading config class eAI_SurvivorM_Indar
SCRIPT       : eAI: Purged config class eAI_SurvivorM_Indar
SCRIPT       : eAI: Reading config class eAI_SurvivorM_Hassan
SCRIPT       : eAI: Purged config class eAI_SurvivorM_Hassan
SCRIPT       : eAI: Reading config class eAI_SurvivorM_Guo
SCRIPT       : eAI: Purged config class eAI_SurvivorM_Guo
SCRIPT       : eAI: Reading config class eAI_SurvivorM_Francis
SCRIPT       : eAI: Purged config class eAI_SurvivorM_Francis
SCRIPT       : eAI: Reading config class eAI_SurvivorM_Elias
SCRIPT       : eAI: Purged config class eAI_SurvivorM_Elias
SCRIPT       : eAI: Reading config class eAI_SurvivorM_Cyril
SCRIPT       : eAI: Purged config class eAI_SurvivorM_Cyril
SCRIPT       : eAI: Reading config class eAI_SurvivorM_Boris
SCRIPT       : eAI: Purged config class eAI_SurvivorM_Boris
SCRIPT       : eAI: Reading config class eAI_SurvivorM_Denis
SCRIPT       : eAI: Purged config class eAI_SurvivorM_Denis
SCRIPT       : eAI: Reading config class eAI_SurvivorM_Mirek
SCRIPT       : eAI: Purged config class eAI_SurvivorM_Mirek
SCRIPT       : eAI: Reading config class SurvivorF_Naomi
SCRIPT       : eAI: Reading config class SurvivorF_Maria
SCRIPT       : eAI: Reading config class SurvivorF_Linda
SCRIPT       : eAI: Reading config class SurvivorF_Keiko
SCRIPT       : eAI: Reading config class SurvivorF_Judy
SCRIPT       : eAI: Reading config class SurvivorF_Irena
SCRIPT       : eAI: Reading config class SurvivorF_Helga
SCRIPT       : eAI: Reading config class SurvivorF_Gabi
SCRIPT       : eAI: Reading config class SurvivorF_Frida
SCRIPT       : eAI: Reading config class SurvivorF_Eva
SCRIPT       : eAI: Reading config class SurvivorM_Taiki
SCRIPT       : eAI: Reading config class SurvivorM_Seth
SCRIPT       : eAI: Reading config class SurvivorM_Rolf
SCRIPT       : eAI: Reading config class SurvivorM_Quinn
SCRIPT       : eAI: Reading config class SurvivorM_Peter
SCRIPT       : eAI: Reading config class SurvivorM_Oliver
SCRIPT       : eAI: Reading config class SurvivorM_Niki
SCRIPT       : eAI: Reading config class SurvivorM_Manua
SCRIPT       : eAI: Reading config class SurvivorM_Lewis
SCRIPT       : eAI: Reading config class SurvivorM_Kaito
SCRIPT       : eAI: Reading config class SurvivorM_Jose
SCRIPT       : eAI: Reading config class SurvivorM_Indar
SCRIPT       : eAI: Reading config class SurvivorM_Hassan
SCRIPT       : eAI: Reading config class SurvivorM_Guo
SCRIPT       : eAI: Reading config class SurvivorM_Francis
SCRIPT       : eAI: Reading config class SurvivorM_Elias
SCRIPT       : eAI: Reading config class SurvivorM_Denis
SCRIPT       : eAI: Reading config class SurvivorM_Cyril
SCRIPT       : eAI: Reading config class SurvivorM_Boris
SCRIPT       : eAI: Reading config class SurvivorM_Mirek
SCRIPT       : AnimSoundObjectBuilderBank: Invalid sound set "generalgrunt_SoundVoice_Char_SoundSet".
SCRIPT       : AnimSoundObjectBuilderBank: Invalid sound set "greathelmet_generalgrunt_SoundVoice_Char_SoundSet".
SCRIPT       : AnimSoundObjectBuilderBank: Invalid sound set "Gasmask_generalgrunt_SoundVoice_Char_SoundSet".
SCRIPT       : AnimSoundObjectBuilderBank: Invalid sound set "Motohelmet_generalgrunt_SoundVoice_Char_SoundSet".
SCRIPT       : AnimSoundObjectBuilderBank: Invalid sound set "Gag_generalgrunt_SoundVoice_Char_SoundSet".
SCRIPT       : LOAD checksum:-1995782263
SCRIPT       : ---- PlayerBase OnStoreLoad SUCCESS ----
SCRIPT       : 05:22:41.888 [EXPANSION LOG]: Compass::EEInventoryIn - Start
SCRIPT       : 05:22:41.888 [EXPANSION LOG]: Compass::EEInventoryIn - End
SCRIPT       : 05:22:41.888 [EXPANSION LOG]: Compass::OnInventoryEnter - Start
SCRIPT       : 05:22:41.888 [EXPANSION LOG]: Compass::OnInventoryEnter - End
SCRIPT       : 05:22:41.896 [EXPANSION DEBUG]: ExpansionPartyModule<3c10d120>::OnInvokeConnect AdNx87DNyRrGmm24ZM9mjIls2ZAvXQ5GmHdee6aK1-0=
SCRIPT       : 05:22:41.896 [EXPANSION DEBUG]: ExpansionMonitorModule::AddPlayerStats - Add player stats for with ID: AdNx87DNyRrGmm24ZM9mjIls2ZAvXQ5GmHdee6aK1-0=
SCRIPT       : 05:22:41.896 [EXPANSION DEBUG]: ExpansionMonitorModule::AddPlayerStats - Add player states for player with ID: AdNx87DNyRrGmm24ZM9mjIls2ZAvXQ5GmHdee6aK1-0=
SCRIPT       : Spawning patrol at <7671.399902, 75.959999, 8643.820313>
SCRIPT       : HumanLoadout: $profile:eAI/CivLoadout.json exists, loading!
SCRIPT       : HumanLoadout: $profile:eAI/CivLoadout.json exists, loading!
SCRIPT       : 05:22:49.646 [EXPANSION LOG]: ChernarusMap::EEInventoryIn - Start
SCRIPT       : 05:22:49.646 [EXPANSION LOG]: ChernarusMap::EEInventoryIn - End
SCRIPT       : 05:22:49.646 [EXPANSION LOG]: Compass::OnInventoryEnter - Start
SCRIPT       : 05:22:49.646 [EXPANSION LOG]: Compass::OnInventoryEnter - End
SCRIPT       : HumanLoadout: $profile:eAI/CivLoadout.json exists, loading!
SCRIPT       : HumanLoadout: $profile:eAI/CivLoadout.json exists, loading!
SCRIPT       : eAI eAIGroup<e4844670> Going to WP 1
SCRIPT       : Spawning patrol at <6749.290039, 6.970000, 8339.339844>
SCRIPT       : HumanLoadout: $profile:eAI/CivLoadout.json exists, loading!
SCRIPT       : HumanLoadout: $profile:eAI/CivLoadout.json exists, loading!
SCRIPT       : eAI eAIGroup<e4849d80> Going to WP 1
SCRIPT       : Spawning patrol at <7973.680176, 3.930000, 7430.080078>
SCRIPT       : HumanLoadout: $profile:eAI/CivLoadout.json exists, loading!
SCRIPT       : HumanLoadout: $profile:eAI/CivLoadout.json exists, loading!
SCRIPT       : 05:22:50.222 [EXPANSION LOG]: ChernarusMap::EEInventoryIn - Start
SCRIPT       : 05:22:50.222 [EXPANSION LOG]: ChernarusMap::EEInventoryIn - End
SCRIPT       : 05:22:50.222 [EXPANSION LOG]: Compass::OnInventoryEnter - Start
SCRIPT       : 05:22:50.222 [EXPANSION LOG]: Compass::OnInventoryEnter - End
SCRIPT       : eAI eAIGroup<e484a950> Going to WP 1
SCRIPT       : eAI eAIGroup<e4844670> Going to WP 2
SCRIPT       : SAVE CHECKSUM:-1995782263
SCRIPT       : eAI eAIGroup<e484a950> Going to WP 2
SCRIPT       : eAI eAIGroup<e4844670> Going to WP 3
SCRIPT       : eAI eAIGroup<e484a950> Going to WP 3
SCRIPT       : name: Raiders
SCRIPT       : name: Raiders
SCRIPT       : name: Raiders
SCRIPT       : name: Raiders
SCRIPT       : name: Raiders
SCRIPT       : name: Raiders
SCRIPT       : name: Raiders
SCRIPT       : name: Raiders
SCRIPT       : name: Raiders
SCRIPT       : name: Raiders
SCRIPT       : name: Raiders
SCRIPT       : ==============================================WARNING=======================================================
SCRIPT       : [WARNING 2021-09-07 05:26:03] ASSERTION NULL: Player has no identity or improperly programmed AI mod
SCRIPT       : Do you see this message? Unless the time is within a second of the crash than this was not the cause.
SCRIPT    (E):    -- Stack trace --
SCRIPT    (E):    Assert_Log() JM/CF/Scripts/3_Game/communityframework\communityframework.c : 289
SCRIPT    (E):    Assert_Null() JM/CF/Scripts/3_Game/communityframework\communityframework.c : 315
SCRIPT    (E):    FormatSteamWebhook() JM/COT/Scripts/4_World/communityonlinetools\entities\player\playerbase.c : 199
SCRIPT    (E):    PlayerHitBy() JM/COT/Scripts/4_World/communityonlinetools\plugins\pluginadminlog.c : 114
SCRIPT    (E):    PlayerHitBy() eAI/Scripts/4_World/eai\classes\eaipluginadminlog.c : 4
SCRIPT    (E):    EEHitBy() scripts/4_World/entities\manbase\playerbase.c : 738
SCRIPT    (E):    EEHitBy() eAI/Scripts/4_World/eai\entities\eaibase.c : 261
SCRIPT    (E):    EEHitBy() DayZExpansion/Scripts/4_World/dayzexpansion\entities\manbase\playerbase.c : 138
SCRIPT    (E):    -----------------
SCRIPT       : ============================================================================================================
SCRIPT       : SurvivorF_Frida:01 STS=6091 event EEKilled, player has died at STS=6091
SCRIPT       : ==============================================WARNING=======================================================
SCRIPT       : [WARNING 2021-09-07 05:26:03] ASSERTION NULL: Player has no identity or improperly programmed AI mod
SCRIPT       : Do you see this message? Unless the time is within a second of the crash than this was not the cause.
SCRIPT    (E):    -- Stack trace --
SCRIPT    (E):    Assert_Log() JM/CF/Scripts/3_Game/communityframework\communityframework.c : 289
SCRIPT    (E):    Assert_Null() JM/CF/Scripts/3_Game/communityframework\communityframework.c : 315
SCRIPT    (E):    FormatSteamWebhook() JM/COT/Scripts/4_World/communityonlinetools\entities\player\playerbase.c : 199
SCRIPT    (E):    PlayerKilled() JM/COT/Scripts/4_World/communityonlinetools\plugins\pluginadminlog.c : 64
SCRIPT    (E):    PlayerKilled() eAI/Scripts/4_World/eai\classes\eaipluginadminlog.c : 9
SCRIPT    (E):    PlayerKilled() DayZExpansion/Scripts/4_World/dayzexpansion\classes\pluginbase\pluginadminlog.c : 26
SCRIPT    (E):    EEKilled() scripts/4_World/entities\manbase\playerbase.c : 686
SCRIPT    (E):    EEKilled() nst/ns_dayz/scripts/4_World/namalsksurvival\entities\manbase\playerbase.c : 374
SCRIPT    (E):    EEKilled() DayZExpansion/Scripts/4_World/dayzexpansion\entities\manbase\playerbase.c : 117
SCRIPT    (E):    -----------------
SCRIPT       : ============================================================================================================
SCRIPT       : EEKilled - processing corpse
SCRIPT       : ExpansionItemSpawnHelper::SpawnInInventorySecure - parent: TShirt_OrangeWhiteStripes
SCRIPT       : ExpansionItemSpawnHelper::SpawnInInventorySecure - parent: TShirt_OrangeWhiteStripes
SCRIPT       : ExpansionItemSpawnHelper::SpawnInInventorySecure - parent: TShirt_OrangeWhiteStripes
SCRIPT       : ExpansionItemSpawnHelper::SpawnInInventorySecure - parent: TaloonBag_Blue
SCRIPT       : ExpansionItemSpawnHelper::SpawnInInventorySecure - parent: TaloonBag_Blue
SCRIPT       : ExpansionItemSpawnHelper::SpawnInInventorySecure - parent: TaloonBag_Blue
SCRIPT       : ExpansionItemSpawnHelper::SpawnInInventorySecure - parent: TaloonBag_Blue
SCRIPT       : 05:26:39.939 [EXPANSION DEBUG]: ExpansionPartyModule<3c10d120>::OnInvokeConnect AdNx87DNyRrGmm24ZM9mjIls2ZAvXQ5GmHdee6aK1-0=
SCRIPT       : 05:26:39.939 [EXPANSION DEBUG]: ExpansionMonitorModule::AddPlayerStats - Add player stats for with ID: AdNx87DNyRrGmm24ZM9mjIls2ZAvXQ5GmHdee6aK1-0=
SCRIPT       : 05:26:39.939 [EXPANSION DEBUG]: ExpansionMonitorModule::AddPlayerStats - Add player states for player with ID: AdNx87DNyRrGmm24ZM9mjIls2ZAvXQ5GmHdee6aK1-0=
SCRIPT       : Spawning patrol at <4492.009766, 3.430000, 10429.700195>
SCRIPT       : HumanLoadout: eAI/Scripts/Data/Loadout/CoastLoadout.json doesn't exist. Creating a default file: $profile:eAI/CoastLoadout.json
SCRIPT       : HumanLoadout: Saving loadout to $profile:eAI/CoastLoadout.json
SCRIPT       : HumanLoadout: $profile:eAI/CoastLoadout.json exists, loading!
SCRIPT       : HumanLoadout: $profile:eAI/CoastLoadout.json exists, loading!
SCRIPT       : HumanLoadout: $profile:eAI/CoastLoadout.json exists, loading!
SCRIPT       : 05:26:40.750 [EXPANSION LOG]: ChernarusMap::EEInventoryIn - Start
SCRIPT       : 05:26:40.750 [EXPANSION LOG]: ChernarusMap::EEInventoryIn - End
SCRIPT       : 05:26:40.750 [EXPANSION LOG]: Compass::OnInventoryEnter - Start
SCRIPT       : 05:26:40.750 [EXPANSION LOG]: Compass::OnInventoryEnter - End
SCRIPT       : HumanLoadout: $profile:eAI/CoastLoadout.json exists, loading!
SCRIPT       : 05:26:40.773 [EXPANSION LOG]: ChernarusMap::EEInventoryIn - Start
SCRIPT       : 05:26:40.773 [EXPANSION LOG]: ChernarusMap::EEInventoryIn - End
SCRIPT       : 05:26:40.773 [EXPANSION LOG]: Compass::OnInventoryEnter - Start
SCRIPT       : 05:26:40.773 [EXPANSION LOG]: Compass::OnInventoryEnter - End
SCRIPT       : eAI eAIGroup<f463e210> Going to WP 1
SCRIPT       : 05:26:40.787 [EXPANSION LOG]: Compass::OnInventoryExit - Start
SCRIPT       : 05:26:40.787 [EXPANSION LOG]: Compass::OnInventoryExit - End
SCRIPT       : Deleted patrol at <7671.399902, 75.959999, 8643.820313>
SCRIPT       : Spawning patrol at <4752.819824, 16.230000, 10793.000000>
SCRIPT       : HumanLoadout: $profile:eAI/SoldierLoadout.json exists, loading!
SCRIPT       : eAI eAIGroup<f46413f0> Going to WP 1
SCRIPT       : Spawning patrol at <6307.700195, 14.400000, 11810.599609>
SCRIPT       : HumanLoadout: $profile:eAI/CoastLoadout.json exists, loading!
SCRIPT       : HumanLoadout: $profile:eAI/CoastLoadout.json exists, loading!
SCRIPT       : eAI eAIGroup<f46431b0> Going to WP 1
SCRIPT       : eAI eAIGroup<f46431b0> Going to WP 2
SCRIPT       : 05:26:42.326 [EXPANSION LOG]: Compass::OnInventoryExit - Start
SCRIPT       : 05:26:42.326 [EXPANSION LOG]: Compass::OnInventoryExit - End
SCRIPT       : Deleted patrol at <7973.680176, 3.930000, 7430.080078>
SCRIPT       : Deleted patrol at <6749.290039, 6.970000, 8339.339844>
SCRIPT       : Spawning patrol at <5305.600098, 40.849998, 10803.599609>
SCRIPT       : HumanLoadout: eAI/Scripts/Data/Loadout/HunterLoadout.json doesn't exist. Creating a default file: $profile:eAI/HunterLoadout.json
SCRIPT       : HumanLoadout: Saving loadout to $profile:eAI/HunterLoadout.json
SCRIPT       : HumanLoadout: $profile:eAI/HunterLoadout.json exists, loading!
SCRIPT       : eAI eAIGroup<f4645980> Going to WP 1
SCRIPT       : eAI eAIGroup<f463e210> Going to WP 2
SCRIPT       : name: Raiders
SCRIPT       : name: Raiders
SCRIPT       : name: Raiders
SCRIPT       : name: Raiders
SCRIPT       : name: Raiders
SCRIPT       : name: Raiders
SCRIPT       : name: Raiders
SCRIPT       : name: Raiders
SCRIPT       : name: Raiders
SCRIPT       : name: Raiders
SCRIPT       : name: Raiders
SCRIPT       : eAI eAIGroup<f463e210> Going to WP 3
SCRIPT       : name: Raiders
SCRIPT       : name: Raiders
SCRIPT       : name: Raiders
SCRIPT       : name: Raiders
SCRIPT       : name: Raiders
SCRIPT       : name: Raiders
SCRIPT       : name: Raiders
SCRIPT       : name: Raiders
SCRIPT       : name: Raiders
SCRIPT       : name: Raiders
SCRIPT       : name: Raiders
SCRIPT       : name: Raiders
SCRIPT       : name: Raiders
SCRIPT       : name: Raiders
SCRIPT       : name: Raiders
SCRIPT       : name: Raiders
SCRIPT       : name: Raiders
SCRIPT       : name: Raiders
SCRIPT       : name: Raiders
SCRIPT       : name: Raiders
SCRIPT       : name: Raiders
SCRIPT       : name: Raiders
SCRIPT       : name: Raiders
SCRIPT       : name: Raiders
SCRIPT       : name: Raiders
SCRIPT       : name: Raiders
SCRIPT       : eAI eAIGroup<f46431b0> Going to WP 3
SCRIPT       : name: Raiders
SCRIPT       : name: Raiders
SCRIPT       : name: Raiders
SCRIPT       : name: Raiders
SCRIPT       : name: Raiders
SCRIPT       : name: Raiders
SCRIPT       : name: Raiders
SCRIPT       : name: Raiders
SCRIPT       : name: Raiders
SCRIPT       : name: Raiders
SCRIPT       : name: Raiders
SCRIPT       : name: Raiders
SCRIPT       : name: Raiders
SCRIPT       : name: Raiders
SCRIPT       : name: Raiders
SCRIPT       : name: Raiders
SCRIPT       : name: Raiders
SCRIPT       : name: Raiders
SCRIPT       : name: Raiders
SCRIPT       : name: Raiders
SCRIPT       : name: Raiders
SCRIPT       : name: Raiders
SCRIPT       : name: Raiders
SCRIPT       : name: Raiders
SCRIPT       : name: Raiders
SCRIPT       : name: Raiders
SCRIPT       : name: Raiders
SCRIPT       : name: Raiders
SCRIPT       : name: Raiders
SCRIPT       : name: Raiders
SCRIPT       : name: Raiders
SCRIPT       : name: Raiders
SCRIPT       : name: Raiders
SCRIPT       : name: Raiders
SCRIPT       : name: Raiders
SCRIPT       : name: Raiders
SCRIPT       : name: Raiders
SCRIPT       : name: Raiders
SCRIPT       : name: Raiders
SCRIPT       : name: Raiders
SCRIPT       : name: Raiders
SCRIPT       : name: Raiders
SCRIPT       : name: Raiders
SCRIPT       : name: Raiders
SCRIPT       : name: Raiders
SCRIPT       : name: Raiders
SCRIPT       : eAI eAIGroup<f4645980> Going to WP 2
SCRIPT       : name: Raiders
SCRIPT       : name: Raiders
SCRIPT       : name: Raiders
SCRIPT       : name: Raiders
SCRIPT       : name: Raiders
SCRIPT       : name: Raiders
SCRIPT       : name: Raiders
SCRIPT       : name: Raiders
SCRIPT       : name: Raiders
SCRIPT       : name: Raiders
SCRIPT       : [Logout]: New player AdNx87DNyRrGmm24ZM9mjIls2ZAvXQ5GmHdee6aK1-0= with logout time 15
SCRIPT       : [emote] SurvivorM_Quinn:010 play emote id=14 IH=null
SCRIPT       : name: Raiders
SCRIPT       : name: Raiders
SCRIPT       : name: Raiders
SCRIPT       : name: Raiders
SCRIPT       : name: Raiders
SCRIPT       : eAI eAIGroup<f463e210> Going to WP 4
SCRIPT       : name: Raiders
SCRIPT       : name: Raiders
SCRIPT       : name: Raiders
SCRIPT       : name: Raiders
SCRIPT       : name: Raiders
SCRIPT       : name: Raiders
SCRIPT       : name: Raiders
SCRIPT       : [Logout]: Player AdNx87DNyRrGmm24ZM9mjIls2ZAvXQ5GmHdee6aK1-0= finished
SCRIPT       : SAVE CHECKSUM:-1995782263
SCRIPT       : eAI eAIGroup<f46413f0> Going to WP 2
SCRIPT       : 05:28:44.421 [EXPANSION LOG]: Compass::OnInventoryExit - Start
SCRIPT       : 05:28:44.421 [EXPANSION LOG]: Compass::OnInventoryExit - End
SCRIPT       : 05:28:44.423 [EXPANSION LOG]: Compass::OnInventoryExit - Start
SCRIPT       : 05:28:44.423 [EXPANSION LOG]: Compass::OnInventoryExit - End
SCRIPT       : Deleted patrol at <4492.009766, 3.430000, 10429.700195>
SCRIPT       : Deleted patrol at <4752.819824, 16.230000, 10793.000000>
SCRIPT       : Deleted patrol at <6307.700195, 14.400000, 11810.599609>
SCRIPT       : Deleted patrol at <5305.600098, 40.849998, 10803.599609>
SCRIPT       : [Namalsk][NamEventManager]: Trying to select a new event...
SCRIPT       : [Namalsk][NamEventManager]: Starting event ExtremeCold
SCRIPT       : [Namalsk][ExtremeCold]: init: 100 (sec), mid: 1057.72 (sec), end: 100 (sec), TempDrop: -12.2121 (C)
SCRIPT       : [Namalsk][NamEventManager]: ExtremeCold: Phase Length 100
SCRIPT       : [Namalsk][NamEventManager]: Next selection will occur in 578 seconds
SCRIPT       : [Namalsk][NamEventManager]: ExtremeCold: Phase Length 1057.72
SCRIPT       : ~DayZGame()
