---------------------------------------------
Log E:\Games\SteamLibrary\steamapps\common\DayZServer\config\script_2021-09-07_09-04-36.log started at 07.09. 09:04:36

SCRIPT       : Registered 305 temporary action enum(s), UAN==305
SCRIPT    (W): @"eAI/Scripts/3_Game/eai\gui\eaicommandmenu.c,285": Unsafe down-casting, use 'ButtonWidget.Cast' for safe down-casting
SCRIPT       : CF_CreateGame()
SCRIPT       : ... Backlit Effects Enabled
SCRIPT    (W): @"eAI/Scripts/4_World/eai\entities\weapon_base.c,175": Unsafe down-casting, use 'EntityAI.Cast' for safe down-casting
SCRIPT    (W): @"eAI/Scripts/4_World/eai\eaiimplementaiming.c,32": No need to use 'Cast' for up-casting
SCRIPT    (W): @"eAI/Scripts/4_World/eai\entities\eaibase.c,290": Unsafe down-casting, use 'EntityAI.Cast' for safe down-casting
SCRIPT       : [ExpansionAirdropSettings] Loading settings
SCRIPT       : [ExpansionBaseBuildingSettings] Loading default settings
SCRIPT       : [ExpansionGeneralSettings] Loading default settings
SCRIPT       : [ExpansionMapSettings] Loading default settings
SCRIPT       : [ExpansionMissionSettings] Loading settings
SCRIPT    (E): JSON ERROR DayZExpansion/Scripts/4_World/dayzexpansion\entities\houses\buildingbase.c:38
SCRIPT    (E): 
JSON ERROR:
Invalid value.
Function: 'Error'
Stack trace:
scripts/1_Core/proto\endebug.c:44
scripts/3_Game/tools\jsonfileloader.c:29
DayZExpansion/Scripts/3_Game/dayzexpansion\settings\missions\expansionmissionsettings.c:148
DayZExpansion/Core/3_Game/dayzexpansion_core\settings\expansionsettingbase.c:45
DayZExpansion/Core/3_Game/dayzexpansion_core\settings\expansionsettings.c:81
DayZExpansion/Scripts/3_Game/dayzexpansion\settings\expansionsettings.c:54
DayZExpansion/Core/3_Game/dayzexpansion_core\settings\expansionsettings.c:203
DayZExpansion/Market/Scripts/3_Game/dayzexpansion_market\settings\expansionsettings.c:84
DayZExpansion/Vehicles/Scripts/3_Game/dayzexpansion_vehicles\settings\expansionsettings.c:84
DayZExpansion/Book/Scripts/3_Game/dayzexpansion_book\settings\expansionsettings.c:75
DayZExpansion/Scripts/3_Game/dayzexpansion\settings\expansionsettings.c:183
DayZExpansion/Core/3_Game/dayzexpansion_core\settings\expansionsettings.c:352
DayZExpansion/Scripts/4_World/dayzexpansion\entities\houses\buildingbase.c:38
SCRIPT       : [ExpansionNotificationSettings] Loading default settings
SCRIPT       : [ExpansionPartySettings] Loading default settings
SCRIPT       : [ExpansionRaidSettings] Loading default settings
SCRIPT       : [ExpansionSpawnSettings] Loading default settings
SCRIPT       : [ExpansionTerritorySettings] Loading default settings
SCRIPT       : [ExpansionPlayerListSettings] Loading settings
SCRIPT       : [ExpansionSocialMediaSettings] Loading default settings
SCRIPT       : 09:04:44.914 [EXPANSION DEBUG]: [ExpansionBookSettings] Load default settings v2
SCRIPT       : [ExpansionVehicleSettings] Loading default settings
SCRIPT       : [ExpansionMarketSettings] Loading default settings
SCRIPT       : 09:04:44.919 [EXPANSION DEBUG]: Finalized category ID 1 (Ammo), 43 items
SCRIPT       : ExpansionMarketSettings::LoadCategories - Adding category ID 1 (Ammo)
SCRIPT       : 09:04:44.921 [EXPANSION DEBUG]: Finalized category ID 2 (Ammo_Boxes), 23 items
SCRIPT       : ExpansionMarketSettings::LoadCategories - Adding category ID 2 (Ammo_Boxes)
SCRIPT       : 09:04:44.921 [EXPANSION DEBUG]: Finalized category ID 3 (Armbands), 8 items
SCRIPT       : ExpansionMarketSettings::LoadCategories - Adding category ID 3 (Armbands)
SCRIPT       : 09:04:44.921 [EXPANSION DEBUG]: Finalized category ID 4 (Assault_Rifles), 8 items
SCRIPT       : ExpansionMarketSettings::LoadCategories - Adding category ID 4 (Assault_Rifles)
SCRIPT       : 09:04:44.923 [EXPANSION DEBUG]: Finalized category ID 5 (Backpacks), 30 items
SCRIPT       : ExpansionMarketSettings::LoadCategories - Adding category ID 5 (Backpacks)
SCRIPT       : 09:04:44.923 [EXPANSION DEBUG]: Finalized category ID 6 (Bandanas), 8 items
SCRIPT       : ExpansionMarketSettings::LoadCategories - Adding category ID 6 (Bandanas)
SCRIPT       : 09:04:44.923 [EXPANSION DEBUG]: Finalized category ID 7 (Batteries), 4 items
SCRIPT       : ExpansionMarketSettings::LoadCategories - Adding category ID 7 (Batteries)
SCRIPT       : 09:04:44.923 [EXPANSION DEBUG]: Finalized category ID 8 (Bayonets), 5 items
SCRIPT       : ExpansionMarketSettings::LoadCategories - Adding category ID 8 (Bayonets)
SCRIPT       : 09:04:44.923 [EXPANSION DEBUG]: Finalized category ID 9 (Belts), 2 items
SCRIPT       : ExpansionMarketSettings::LoadCategories - Adding category ID 9 (Belts)
SCRIPT       : 09:04:44.923 [EXPANSION DEBUG]: Finalized category ID 10 (Blouses_And_Suits), 20 items
SCRIPT       : ExpansionMarketSettings::LoadCategories - Adding category ID 10 (Blouses_And_Suits)
SCRIPT       : 09:04:44.923 [EXPANSION DEBUG]: Finalized category ID 11 (Boats), 3 items
SCRIPT       : ExpansionMarketSettings::LoadCategories - Adding category ID 11 (Boats)
SCRIPT       : 09:04:44.925 [EXPANSION DEBUG]: Finalized category ID 12 (Boots_And_Shoes), 56 items
SCRIPT       : ExpansionMarketSettings::LoadCategories - Adding category ID 12 (Boots_And_Shoes)
SCRIPT       : 09:04:44.925 [EXPANSION DEBUG]: Finalized category ID 13 (Buttstocks), 15 items
SCRIPT       : ExpansionMarketSettings::LoadCategories - Adding category ID 13 (Buttstocks)
SCRIPT       : 09:04:44.927 [EXPANSION DEBUG]: Finalized category ID 14 (Caps), 30 items
SCRIPT       : ExpansionMarketSettings::LoadCategories - Adding category ID 14 (Caps)
SCRIPT       : 09:04:44.927 [EXPANSION DEBUG]: Finalized category ID 15 (Cars), 12 items
SCRIPT       : ExpansionMarketSettings::LoadCategories - Adding category ID 15 (Cars)
SCRIPT       : 09:04:44.929 [EXPANSION DEBUG]: Finalized category ID 16 (Coats_And_Jackets), 76 items
SCRIPT       : ExpansionMarketSettings::LoadCategories - Adding category ID 16 (Coats_And_Jackets)
SCRIPT       : 09:04:44.929 [EXPANSION DEBUG]: Finalized category ID 17 (Containers), 15 items
SCRIPT       : ExpansionMarketSettings::LoadCategories - Adding category ID 17 (Containers)
SCRIPT       : 09:04:44.929 [EXPANSION DEBUG]: Finalized category ID 18 (Crossbows), 1 items
SCRIPT       : ExpansionMarketSettings::LoadCategories - Adding category ID 18 (Crossbows)
SCRIPT       : 09:04:44.931 [EXPANSION DEBUG]: Finalized category ID 19 (Drinks), 9 items
SCRIPT       : ExpansionMarketSettings::LoadCategories - Adding category ID 19 (Drinks)
SCRIPT       : 09:04:44.931 [EXPANSION DEBUG]: Finalized category ID 20 (Electronics), 8 items
SCRIPT       : ExpansionMarketSettings::LoadCategories - Adding category ID 20 (Electronics)
SCRIPT       : 09:04:44.931 [EXPANSION DEBUG]: Finalized category ID 21 (Event), 7 items
SCRIPT       : ExpansionMarketSettings::LoadCategories - Adding category ID 21 (Event)
SCRIPT       : 09:04:44.931 [EXPANSION DEBUG]: Finalized category ID 22 (Exchange), 4 items
SCRIPT       : ExpansionMarketSettings::LoadCategories - Adding category ID 22 (Exchange)
SCRIPT       : 09:04:44.931 [EXPANSION DEBUG]: Finalized category ID 23 (Explosives_And_Grenades), 12 items
SCRIPT       : ExpansionMarketSettings::LoadCategories - Adding category ID 23 (Explosives_And_Grenades)
SCRIPT       : 09:04:44.931 [EXPANSION DEBUG]: Finalized category ID 24 (Eyewear), 10 items
SCRIPT       : ExpansionMarketSettings::LoadCategories - Adding category ID 24 (Eyewear)
SCRIPT       : 09:04:44.933 [EXPANSION DEBUG]: Finalized category ID 25 (Fish), 5 items
SCRIPT       : ExpansionMarketSettings::LoadCategories - Adding category ID 25 (Fish)
SCRIPT       : 09:04:44.933 [EXPANSION DEBUG]: Finalized category ID 26 (Fishing), 4 items
SCRIPT       : ExpansionMarketSettings::LoadCategories - Adding category ID 26 (Fishing)
SCRIPT       : 09:04:44.937 [EXPANSION DEBUG]: Finalized category ID 27 (Flags), 91 items
SCRIPT       : ExpansionMarketSettings::LoadCategories - Adding category ID 27 (Flags)
SCRIPT       : 09:04:44.939 [EXPANSION DEBUG]: Finalized category ID 28 (Food), 32 items
SCRIPT       : ExpansionMarketSettings::LoadCategories - Adding category ID 28 (Food)
SCRIPT       : 09:04:44.939 [EXPANSION DEBUG]: Finalized category ID 29 (Fruit_And_Vegetables), 20 items
SCRIPT       : ExpansionMarketSettings::LoadCategories - Adding category ID 29 (Fruit_And_Vegetables)
SCRIPT       : 09:04:44.939 [EXPANSION DEBUG]: Finalized category ID 30 (Furnishings), 2 items
SCRIPT       : ExpansionMarketSettings::LoadCategories - Adding category ID 30 (Furnishings)
SCRIPT       : 09:04:44.939 [EXPANSION DEBUG]: Finalized category ID 31 (Ghillies), 12 items
SCRIPT       : ExpansionMarketSettings::LoadCategories - Adding category ID 31 (Ghillies)
SCRIPT       : 09:04:44.941 [EXPANSION DEBUG]: Finalized category ID 32 (Gloves), 15 items
SCRIPT       : ExpansionMarketSettings::LoadCategories - Adding category ID 32 (Gloves)
SCRIPT       : 09:04:44.941 [EXPANSION DEBUG]: Finalized category ID 33 (Handguards), 9 items
SCRIPT       : ExpansionMarketSettings::LoadCategories - Adding category ID 33 (Handguards)
SCRIPT       : 09:04:44.941 [EXPANSION DEBUG]: Finalized category ID 34 (Hats_And_Hoods), 38 items
SCRIPT       : ExpansionMarketSettings::LoadCategories - Adding category ID 34 (Hats_And_Hoods)
SCRIPT       : 09:04:44.941 [EXPANSION DEBUG]: Finalized category ID 35 (Helicopters), 4 items
SCRIPT       : ExpansionMarketSettings::LoadCategories - Adding category ID 35 (Helicopters)
SCRIPT       : 09:04:44.943 [EXPANSION DEBUG]: Finalized category ID 36 (Helmets), 55 items
SCRIPT       : ExpansionMarketSettings::LoadCategories - Adding category ID 36 (Helmets)
SCRIPT       : 09:04:44.943 [EXPANSION DEBUG]: Finalized category ID 37 (Holsters_And_Pouches), 4 items
SCRIPT       : ExpansionMarketSettings::LoadCategories - Adding category ID 37 (Holsters_And_Pouches)
SCRIPT       : 09:04:44.945 [EXPANSION DEBUG]: Finalized category ID 38 (Kits), 3 items
SCRIPT       : ExpansionMarketSettings::LoadCategories - Adding category ID 38 (Kits)
SCRIPT       : 09:04:44.945 [EXPANSION DEBUG]: Finalized category ID 39 (Knifes), 9 items
SCRIPT       : ExpansionMarketSettings::LoadCategories - Adding category ID 39 (Knifes)
SCRIPT       : 09:04:44.945 [EXPANSION DEBUG]: Finalized category ID 40 (Launchers), 4 items
SCRIPT       : ExpansionMarketSettings::LoadCategories - Adding category ID 40 (Launchers)
SCRIPT       : 09:04:44.945 [EXPANSION DEBUG]: Finalized category ID 41 (Lights), 15 items
SCRIPT       : ExpansionMarketSettings::LoadCategories - Adding category ID 41 (Lights)
SCRIPT       : 09:04:44.945 [EXPANSION DEBUG]: Finalized category ID 42 (Liquids), 2 items
SCRIPT       : ExpansionMarketSettings::LoadCategories - Adding category ID 42 (Liquids)
SCRIPT       : 09:04:44.945 [EXPANSION DEBUG]: Finalized category ID 43 (Locks), 3 items
SCRIPT       : ExpansionMarketSettings::LoadCategories - Adding category ID 43 (Locks)
SCRIPT       : 09:04:44.947 [EXPANSION DEBUG]: Finalized category ID 44 (Magazines), 45 items
SCRIPT       : ExpansionMarketSettings::LoadCategories - Adding category ID 44 (Magazines)
SCRIPT       : 09:04:44.947 [EXPANSION DEBUG]: Finalized category ID 45 (Masks), 18 items
SCRIPT       : ExpansionMarketSettings::LoadCategories - Adding category ID 45 (Masks)
SCRIPT       : 09:04:44.949 [EXPANSION DEBUG]: Finalized category ID 46 (Meat), 10 items
SCRIPT       : ExpansionMarketSettings::LoadCategories - Adding category ID 46 (Meat)
SCRIPT       : 09:04:44.949 [EXPANSION DEBUG]: Finalized category ID 47 (Medical), 18 items
SCRIPT       : ExpansionMarketSettings::LoadCategories - Adding category ID 47 (Medical)
SCRIPT       : 09:04:44.949 [EXPANSION DEBUG]: Finalized category ID 48 (Melee_Weapons), 9 items
SCRIPT       : ExpansionMarketSettings::LoadCategories - Adding category ID 48 (Melee_Weapons)
SCRIPT       : 09:04:44.949 [EXPANSION DEBUG]: Finalized category ID 49 (Muzzles), 5 items
SCRIPT       : ExpansionMarketSettings::LoadCategories - Adding category ID 49 (Muzzles)
SCRIPT       : 09:04:44.951 [EXPANSION DEBUG]: Finalized category ID 50 (Navigation), 5 items
SCRIPT       : ExpansionMarketSettings::LoadCategories - Adding category ID 50 (Navigation)
SCRIPT       : 09:04:44.951 [EXPANSION DEBUG]: Finalized category ID 51 (Optics), 23 items
SCRIPT       : ExpansionMarketSettings::LoadCategories - Adding category ID 51 (Optics)
SCRIPT       : 09:04:44.953 [EXPANSION DEBUG]: Finalized category ID 52 (Pants_And_Shorts), 79 items
SCRIPT       : ExpansionMarketSettings::LoadCategories - Adding category ID 52 (Pants_And_Shorts)
SCRIPT       : 09:04:44.953 [EXPANSION DEBUG]: Finalized category ID 53 (Pistols), 12 items
SCRIPT       : ExpansionMarketSettings::LoadCategories - Adding category ID 53 (Pistols)
SCRIPT       : 09:04:44.955 [EXPANSION DEBUG]: Finalized category ID 54 (Rifles), 9 items
SCRIPT       : ExpansionMarketSettings::LoadCategories - Adding category ID 54 (Rifles)
SCRIPT       : 09:04:44.955 [EXPANSION DEBUG]: Finalized category ID 55 (Shirts_And_TShirts), 23 items
SCRIPT       : ExpansionMarketSettings::LoadCategories - Adding category ID 55 (Shirts_And_TShirts)
SCRIPT       : 09:04:44.955 [EXPANSION DEBUG]: Finalized category ID 56 (Shotguns), 5 items
SCRIPT       : ExpansionMarketSettings::LoadCategories - Adding category ID 56 (Shotguns)
SCRIPT       : 09:04:44.955 [EXPANSION DEBUG]: Finalized category ID 57 (Skirts_And_Dresses), 14 items
SCRIPT       : ExpansionMarketSettings::LoadCategories - Adding category ID 57 (Skirts_And_Dresses)
SCRIPT       : 09:04:44.955 [EXPANSION DEBUG]: Finalized category ID 58 (Sniper_Rifles), 6 items
SCRIPT       : ExpansionMarketSettings::LoadCategories - Adding category ID 58 (Sniper_Rifles)
SCRIPT       : 09:04:44.957 [EXPANSION DEBUG]: Finalized category ID 59 (Spraycans), 41 items
SCRIPT       : ExpansionMarketSettings::LoadCategories - Adding category ID 59 (Spraycans)
SCRIPT       : 09:04:44.957 [EXPANSION DEBUG]: Finalized category ID 60 (Submachine_Guns), 9 items
SCRIPT       : ExpansionMarketSettings::LoadCategories - Adding category ID 60 (Submachine_Guns)
SCRIPT       : 09:04:44.957 [EXPANSION DEBUG]: Finalized category ID 61 (Supplies), 31 items
SCRIPT       : ExpansionMarketSettings::LoadCategories - Adding category ID 61 (Supplies)
SCRIPT       : 09:04:44.958 [EXPANSION DEBUG]: Finalized category ID 62 (Sweaters_And_Hoodies), 10 items
SCRIPT       : ExpansionMarketSettings::LoadCategories - Adding category ID 62 (Sweaters_And_Hoodies)
SCRIPT       : 09:04:44.958 [EXPANSION DEBUG]: Finalized category ID 63 (Tents), 11 items
SCRIPT       : ExpansionMarketSettings::LoadCategories - Adding category ID 63 (Tents)
SCRIPT       : 09:04:44.960 [EXPANSION DEBUG]: Finalized category ID 64 (Tools), 22 items
SCRIPT       : ExpansionMarketSettings::LoadCategories - Adding category ID 64 (Tools)
SCRIPT       : 09:04:44.962 [EXPANSION DEBUG]: Finalized category ID 65 (Vehicle_Parts), 111 items
SCRIPT       : ExpansionMarketSettings::LoadCategories - Adding category ID 65 (Vehicle_Parts)
SCRIPT       : 09:04:44.964 [EXPANSION DEBUG]: Finalized category ID 66 (Vests), 13 items
SCRIPT       : ExpansionMarketSettings::LoadCategories - Adding category ID 66 (Vests)
SCRIPT       : [ExpansionDebugSettings] Loading settings
SCRIPT       : [ExpansionLogSettings] Loading settings
SCRIPT       : [ExpansionSafeZoneSettings] Loading default settings
SCRIPT    (W): @"eAI/Scripts/5_Mission/eai\eaidynamicpatrol.c,65": Unsafe down-casting, use 'PlayerBase.Cast' for safe down-casting
SCRIPT    (W): @"eAI/Scripts/5_Mission/eai\eaigame.c,292": Unsafe down-casting, use 'PlayerBase.Cast' for safe down-casting
SCRIPT    (W): @"eAI/Scripts/5_Mission/eai\eaigame.c,306": Unsafe down-casting, use 'PlayerBase.Cast' for safe down-casting
SCRIPT    (W): @"eAI/Scripts/5_Mission/eai\eaigame.c,320": Unsafe down-casting, use 'PlayerBase.Cast' for safe down-casting
SCRIPT       : Creating ModuleManager
SCRIPT       : CF_CreateWorld()
SCRIPT       : Inserted Module (HOST): ExpansionGlobalChatModule
SCRIPT       : Inserted Module (HOST): ExpansionNotificationModule
SCRIPT       : Deleted Module: ExpansionLocatorModule
SCRIPT       : Inserted Module (HOST): ExpansionPartyModule
SCRIPT       : Inserted Module (HOST): ExpansionMarkerModule
SCRIPT       : Inserted Module (HOST): ExpansionMissionModule
SCRIPT       : Inserted Module (HOST): ExpansionTerritoryModule
SCRIPT       : Inserted Module (HOST): ExpansionInteriorBuildingModule
SCRIPT       : Inserted Module (HOST): ExpansionWorldMappingModule
SCRIPT       : Inserted Module (HOST): ExpansionAutorunModule
SCRIPT       : Inserted Module (HOST): ExpansionMonitorModule
SCRIPT       : Inserted Module (HOST): ExpansionKillFeedModule
SCRIPT       : Inserted Module (HOST): ExpansionESPModificationModule
SCRIPT       : Inserted Module (HOST): ExpansionCOTVehiclesModule
SCRIPT       : Inserted Module (HOST): ExpansionCOTDebugModule
SCRIPT       : Inserted Module (HOST): ExpansionCOTTerritoriesModule
SCRIPT       : Inserted Module (HOST): ExpansionCOTAirdropModule
SCRIPT       : Inserted Module (HOST): ExpansionCOTBaseBuildingModule
SCRIPT       : Inserted Module (HOST): ExpansionCOTGeneralModule
SCRIPT       : Inserted Module (HOST): ExpansionCOTMapModule
SCRIPT       : Inserted Module (HOST): ExpansionCOTNotificationModule
SCRIPT       : Inserted Module (HOST): ExpansionCOTPartyModule
SCRIPT       : Inserted Module (HOST): ExpansionCOTRaidModule
SCRIPT       : Inserted Module (HOST): ExpansionCOTSpawningModule
SCRIPT       : Inserted Module (HOST): ExpansionCOTVehicleModule
SCRIPT       : Inserted Module (HOST): ExpansionGameMissionSelecterModule
SCRIPT       : Deleted Module: ExpansionClientSettingsModule
SCRIPT       : Inserted Module (HOST): ExpansionRespawnHandlerModule
SCRIPT       : Inserted Module (HOST): ExpansionCOTBookModule
SCRIPT       : Inserted Module (HOST): ExpansionMarketModule
SCRIPT       : Inserted Module (HOST): ExpansionSkinModule
SCRIPT       : Inserted Module (HOST): ExpansionSafeZoneModule
SCRIPT       : Inserted Module (HOST): COTModule
SCRIPT       : Inserted Module (HOST): JMWebhookModule
SCRIPT       : Inserted Module (HOST): JMPlayerModule
SCRIPT       : Inserted Module (HOST): JMObjectSpawnerModule
SCRIPT       : Inserted Module (HOST): JMESPModule
SCRIPT       : Inserted Module (HOST): JMTeleportModule
SCRIPT       : Inserted Module (HOST): JMCameraModule
SCRIPT       : Inserted Module (HOST): JMVehicleSpawnerModule
SCRIPT       : Inserted Module (HOST): JMItemSetSpawnerModule
SCRIPT       : Inserted Module (HOST): JMWeatherOldModule
SCRIPT       : Inserted Module (HOST): JMMapModule
SCRIPT       : Inserted Module (HOST): JMCommandModule
SCRIPT       : Inserted Module (HOST): JMNamalskEventManagerModule
SCRIPT       : Modules Loaded
SCRIPT       : 0 -> ExpansionGlobalChatModule
SCRIPT       : 1 -> ExpansionNotificationModule
SCRIPT       : 2 -> ExpansionPartyModule
SCRIPT       : 3 -> ExpansionMarkerModule
SCRIPT       : 4 -> ExpansionMissionModule
SCRIPT       : 5 -> ExpansionTerritoryModule
SCRIPT       : 6 -> ExpansionInteriorBuildingModule
SCRIPT       : 7 -> ExpansionWorldMappingModule
SCRIPT       : 8 -> ExpansionAutorunModule
SCRIPT       : 9 -> ExpansionMonitorModule
SCRIPT       : 10 -> ExpansionKillFeedModule
SCRIPT       : 11 -> ExpansionESPModificationModule
SCRIPT       : 12 -> ExpansionCOTVehiclesModule
SCRIPT       : 13 -> ExpansionCOTDebugModule
SCRIPT       : 14 -> ExpansionCOTTerritoriesModule
SCRIPT       : 15 -> ExpansionCOTAirdropModule
SCRIPT       : 16 -> ExpansionCOTBaseBuildingModule
SCRIPT       : 17 -> ExpansionCOTGeneralModule
SCRIPT       : 18 -> ExpansionCOTMapModule
SCRIPT       : 19 -> ExpansionCOTNotificationModule
SCRIPT       : 20 -> ExpansionCOTPartyModule
SCRIPT       : 21 -> ExpansionCOTRaidModule
SCRIPT       : 22 -> ExpansionCOTSpawningModule
SCRIPT       : 23 -> ExpansionCOTVehicleModule
SCRIPT       : 24 -> ExpansionGameMissionSelecterModule
SCRIPT       : 25 -> ExpansionRespawnHandlerModule
SCRIPT       : 26 -> ExpansionCOTBookModule
SCRIPT       : 27 -> ExpansionMarketModule
SCRIPT       : 28 -> ExpansionSkinModule
SCRIPT       : 29 -> ExpansionSafeZoneModule
SCRIPT       : 30 -> COTModule
SCRIPT       : 31 -> JMWebhookModule
SCRIPT       : 32 -> JMPlayerModule
SCRIPT       : 33 -> JMObjectSpawnerModule
SCRIPT       : 34 -> JMESPModule
SCRIPT       : 35 -> JMTeleportModule
SCRIPT       : 36 -> JMCameraModule
SCRIPT       : 37 -> JMVehicleSpawnerModule
SCRIPT       : 38 -> JMItemSetSpawnerModule
SCRIPT       : 39 -> JMWeatherOldModule
SCRIPT       : 40 -> JMMapModule
SCRIPT       : 41 -> JMCommandModule
SCRIPT       : 42 -> JMNamalskEventManagerModule
SCRIPT       : [DefineTest] EXPANSIONMODCORE is defined
SCRIPT       : [DefineTest] EXPANSIONMOD is defined
SCRIPT       : [DefineTest] EXPANSIONMODVEHICLE is defined
SCRIPT       : [DefineTest] EXPANSIONMODMARKET is defined
SCRIPT       : [DefineTest] EXPANSIONMODBOOK is defined
SCRIPT       : [DefineTest] CfgMods:
SCRIPT       : defaultAction
SCRIPT       : DZ_Expansion_Book_Preload
SCRIPT       : DZ_Expansion_Core_Preload
SCRIPT       : DZ_Expansion_Market_Preload
SCRIPT       : DZ_Expansion_Preload
SCRIPT       : DZ_Expansion_Vehicles_Preload
SCRIPT       : DZ_Expansion_DefineTest
SCRIPT       : DayZ
SCRIPT       : bliss
SCRIPT       : DZ_eAI_Preload
SCRIPT       : DZ_DabsFramework
SCRIPT       : JM_CommunityFramework
SCRIPT       : JM_CommunityOnlineTools
SCRIPT       : sVisual
SCRIPT       : NamalskIsland
SCRIPT       : NamalskSurvival
SCRIPT       : DZ_Expansion_Core
SCRIPT       : DZ_Expansion_Market
SCRIPT       : DZ_Expansion_PlayerList
SCRIPT       : DZ_Expansion_Vehicles
SCRIPT       : eAI
SCRIPT       : sGunplay
SCRIPT       : DZ_Expansion_Book
SCRIPT       : DZ_Expansion
SCRIPT       : Expansion version: 1.5.1
SCRIPT       : eAI - Loaded Mission, Reading $profile/eAI directory
SCRIPT       : HumanLoadout: $profile:eAI/SoldierLoadout.json exists, loading!
SCRIPT       : [Namalsk][NamEventManager]: Next selection will occur in 716 seconds
SCRIPT       : [Namalsk][NamEventManager]: NamEventManager is now running
SCRIPT       : [wpnfsm] Warning! OnStoreLoad - cannot load curent weapon state, id=0
SCRIPT       : [wpnfsm] Warning! OnStoreLoad - cannot load curent weapon state, id=0
SCRIPT       : [wpnfsm] Warning! OnStoreLoad - cannot load curent weapon state, id=0
SCRIPT       : [wpnfsm] Warning! OnStoreLoad - cannot load curent weapon state, id=0
SCRIPT       : ExpansionMarketItem marketItem = ExpansionMarketItem<b62aaef0>
SCRIPT       : ExpansionMarketCurrency worth = 10000
SCRIPT       : ExpansionMarketItem marketItem = ExpansionMarketItem<b62aca10>
SCRIPT       : ExpansionMarketCurrency worth = 100
SCRIPT       : ExpansionMarketItem marketItem = ExpansionMarketItem<b62acb60>
SCRIPT       : ExpansionMarketCurrency worth = 10
SCRIPT       : ExpansionMarketItem marketItem = ExpansionMarketItem<b62aca80>
SCRIPT       : ExpansionMarketCurrency worth = 1
SCRIPT       : eAI: Filtering 59 classnames
SCRIPT       : eAI: Reading config class eAI_SurvivorF_Naomi
SCRIPT       : eAI: Purged config class eAI_SurvivorF_Naomi
SCRIPT       : eAI: Reading config class eAI_SurvivorF_Keiko
SCRIPT       : eAI: Purged config class eAI_SurvivorF_Keiko
SCRIPT       : eAI: Reading config class eAI_SurvivorF_Judy
SCRIPT       : eAI: Purged config class eAI_SurvivorF_Judy
SCRIPT       : eAI: Reading config class eAI_SurvivorF_Irena
SCRIPT       : eAI: Purged config class eAI_SurvivorF_Irena
SCRIPT       : eAI: Reading config class eAI_SurvivorF_Helga
SCRIPT       : eAI: Purged config class eAI_SurvivorF_Helga
SCRIPT       : eAI: Reading config class eAI_SurvivorF_Gabi
SCRIPT       : eAI: Purged config class eAI_SurvivorF_Gabi
SCRIPT       : eAI: Reading config class eAI_SurvivorF_Frida
SCRIPT       : eAI: Purged config class eAI_SurvivorF_Frida
SCRIPT       : eAI: Reading config class eAI_SurvivorF_Maria
SCRIPT       : eAI: Purged config class eAI_SurvivorF_Maria
SCRIPT       : eAI: Reading config class eAI_SurvivorF_Linda
SCRIPT       : eAI: Purged config class eAI_SurvivorF_Linda
SCRIPT       : eAI: Reading config class eAI_SurvivorM_Taiki
SCRIPT       : eAI: Purged config class eAI_SurvivorM_Taiki
SCRIPT       : eAI: Reading config class eAI_SurvivorM_Seth
SCRIPT       : eAI: Purged config class eAI_SurvivorM_Seth
SCRIPT       : eAI: Reading config class eAI_SurvivorM_Rolf
SCRIPT       : eAI: Purged config class eAI_SurvivorM_Rolf
SCRIPT       : eAI: Reading config class eAI_SurvivorM_Quinn
SCRIPT       : eAI: Purged config class eAI_SurvivorM_Quinn
SCRIPT       : eAI: Reading config class eAI_SurvivorM_Peter
SCRIPT       : eAI: Purged config class eAI_SurvivorM_Peter
SCRIPT       : eAI: Reading config class eAI_SurvivorM_Oliver
SCRIPT       : eAI: Purged config class eAI_SurvivorM_Oliver
SCRIPT       : eAI: Reading config class eAI_SurvivorM_Niki
SCRIPT       : eAI: Purged config class eAI_SurvivorM_Niki
SCRIPT       : eAI: Reading config class eAI_SurvivorM_Manua
SCRIPT       : eAI: Purged config class eAI_SurvivorM_Manua
SCRIPT       : eAI: Reading config class eAI_SurvivorM_Lewis
SCRIPT       : eAI: Purged config class eAI_SurvivorM_Lewis
SCRIPT       : eAI: Reading config class eAI_SurvivorM_Kaito
SCRIPT       : eAI: Purged config class eAI_SurvivorM_Kaito
SCRIPT       : eAI: Reading config class eAI_SurvivorM_Jose
SCRIPT       : eAI: Purged config class eAI_SurvivorM_Jose
SCRIPT       : eAI: Reading config class eAI_SurvivorM_Indar
SCRIPT       : eAI: Purged config class eAI_SurvivorM_Indar
SCRIPT       : eAI: Reading config class eAI_SurvivorM_Hassan
SCRIPT       : eAI: Purged config class eAI_SurvivorM_Hassan
SCRIPT       : eAI: Reading config class eAI_SurvivorM_Guo
SCRIPT       : eAI: Purged config class eAI_SurvivorM_Guo
SCRIPT       : eAI: Reading config class eAI_SurvivorM_Francis
SCRIPT       : eAI: Purged config class eAI_SurvivorM_Francis
SCRIPT       : eAI: Reading config class eAI_SurvivorM_Elias
SCRIPT       : eAI: Purged config class eAI_SurvivorM_Elias
SCRIPT       : eAI: Reading config class eAI_SurvivorM_Cyril
SCRIPT       : eAI: Purged config class eAI_SurvivorM_Cyril
SCRIPT       : eAI: Reading config class eAI_SurvivorM_Boris
SCRIPT       : eAI: Purged config class eAI_SurvivorM_Boris
SCRIPT       : eAI: Reading config class eAI_SurvivorM_Denis
SCRIPT       : eAI: Purged config class eAI_SurvivorM_Denis
SCRIPT       : eAI: Reading config class eAI_SurvivorM_Mirek
SCRIPT       : eAI: Purged config class eAI_SurvivorM_Mirek
SCRIPT       : eAI: Reading config class SurvivorF_Naomi
SCRIPT       : eAI: Reading config class SurvivorF_Maria
SCRIPT       : eAI: Reading config class SurvivorF_Linda
SCRIPT       : eAI: Reading config class SurvivorF_Keiko
SCRIPT       : eAI: Reading config class SurvivorF_Judy
SCRIPT       : eAI: Reading config class SurvivorF_Irena
SCRIPT       : eAI: Reading config class SurvivorF_Helga
SCRIPT       : eAI: Reading config class SurvivorF_Gabi
SCRIPT       : eAI: Reading config class SurvivorF_Frida
SCRIPT       : eAI: Reading config class SurvivorF_Eva
SCRIPT       : eAI: Reading config class SurvivorM_Taiki
SCRIPT       : eAI: Reading config class SurvivorM_Seth
SCRIPT       : eAI: Reading config class SurvivorM_Rolf
SCRIPT       : eAI: Reading config class SurvivorM_Quinn
SCRIPT       : eAI: Reading config class SurvivorM_Peter
SCRIPT       : eAI: Reading config class SurvivorM_Oliver
SCRIPT       : eAI: Reading config class SurvivorM_Niki
SCRIPT       : eAI: Reading config class SurvivorM_Manua
SCRIPT       : eAI: Reading config class SurvivorM_Lewis
SCRIPT       : eAI: Reading config class SurvivorM_Kaito
SCRIPT       : eAI: Reading config class SurvivorM_Jose
SCRIPT       : eAI: Reading config class SurvivorM_Indar
SCRIPT       : eAI: Reading config class SurvivorM_Hassan
SCRIPT       : eAI: Reading config class SurvivorM_Guo
SCRIPT       : eAI: Reading config class SurvivorM_Francis
SCRIPT       : eAI: Reading config class SurvivorM_Elias
SCRIPT       : eAI: Reading config class SurvivorM_Denis
SCRIPT       : eAI: Reading config class SurvivorM_Cyril
SCRIPT       : eAI: Reading config class SurvivorM_Boris
SCRIPT       : eAI: Reading config class SurvivorM_Mirek
SCRIPT       : AnimSoundObjectBuilderBank: Invalid sound set "generalgrunt_SoundVoice_Char_SoundSet".
SCRIPT       : AnimSoundObjectBuilderBank: Invalid sound set "greathelmet_generalgrunt_SoundVoice_Char_SoundSet".
SCRIPT       : AnimSoundObjectBuilderBank: Invalid sound set "Gasmask_generalgrunt_SoundVoice_Char_SoundSet".
SCRIPT       : AnimSoundObjectBuilderBank: Invalid sound set "Motohelmet_generalgrunt_SoundVoice_Char_SoundSet".
SCRIPT       : AnimSoundObjectBuilderBank: Invalid sound set "Gag_generalgrunt_SoundVoice_Char_SoundSet".
SCRIPT       : LOAD checksum:-1995782263
SCRIPT       : ---- PlayerBase OnStoreLoad SUCCESS ----
SCRIPT       : 09:05:40.033 [EXPANSION DEBUG]: ExpansionPartyModule<302479c0>::OnInvokeConnect AdNx87DNyRrGmm24ZM9mjIls2ZAvXQ5GmHdee6aK1-0=
SCRIPT       : 09:05:40.033 [EXPANSION DEBUG]: ExpansionMonitorModule::AddPlayerStats - Add player stats for with ID: AdNx87DNyRrGmm24ZM9mjIls2ZAvXQ5GmHdee6aK1-0=
SCRIPT       : 09:05:40.033 [EXPANSION DEBUG]: ExpansionMonitorModule::AddPlayerStats - Add player states for player with ID: AdNx87DNyRrGmm24ZM9mjIls2ZAvXQ5GmHdee6aK1-0=
SCRIPT       : Spawning patrol at <5301.819824, 58.869999, 9602.389648>
SCRIPT       : HumanLoadout: $profile:eAI/SoldierLoadout.json exists, loading!
SCRIPT       : HumanLoadout: $profile:eAI/SoldierLoadout.json exists, loading!
SCRIPT       : eAI eAIGroup<f1c41e40> Going to WP 1
SCRIPT       : Spawning patrol at <5305.600098, 40.849998, 10803.599609>
SCRIPT       : HumanLoadout: $profile:eAI/HunterLoadout.json exists, loading!
SCRIPT       : eAI eAIGroup<f1c42bd0> Going to WP 1
SCRIPT       : Spawning patrol at <4492.009766, 3.430000, 10429.700195>
SCRIPT       : HumanLoadout: $profile:eAI/CoastLoadout.json exists, loading!
SCRIPT       : HumanLoadout: $profile:eAI/CoastLoadout.json exists, loading!
SCRIPT       : HumanLoadout: $profile:eAI/CoastLoadout.json exists, loading!
SCRIPT       : eAI eAIGroup<f1c45e90> Going to WP 1
SCRIPT       : Spawning patrol at <5028.910156, 7.420000, 11359.500000>
SCRIPT       : HumanLoadout: $profile:eAI/CoastLoadout.json exists, loading!
SCRIPT       : 09:05:41.814 [EXPANSION LOG]: ChernarusMap::EEInventoryIn - Start
SCRIPT       : 09:05:41.814 [EXPANSION LOG]: ChernarusMap::EEInventoryIn - End
SCRIPT       : 09:05:41.814 [EXPANSION LOG]: Compass::OnInventoryEnter - Start
SCRIPT       : 09:05:41.814 [EXPANSION LOG]: Compass::OnInventoryEnter - End
SCRIPT       : HumanLoadout: $profile:eAI/CoastLoadout.json exists, loading!
SCRIPT       : 09:05:41.843 [EXPANSION LOG]: ChernarusMap::EEInventoryIn - Start
SCRIPT       : 09:05:41.843 [EXPANSION LOG]: ChernarusMap::EEInventoryIn - End
SCRIPT       : 09:05:41.843 [EXPANSION LOG]: Compass::OnInventoryEnter - Start
SCRIPT       : 09:05:41.843 [EXPANSION LOG]: Compass::OnInventoryEnter - End
SCRIPT       : eAI eAIGroup<f1c46e50> Going to WP 1
SCRIPT       : eAI eAIGroup<f1c45e90> Going to WP 2
SCRIPT       : eAI eAIGroup<f1c46e50> Going to WP 2
SCRIPT       : eAI eAIGroup<f1c45e90> Going to WP 3
SCRIPT       : eAI eAIGroup<f1c46e50> Going to WP 3
SCRIPT       : [Logout]: New player AdNx87DNyRrGmm24ZM9mjIls2ZAvXQ5GmHdee6aK1-0= with logout time 15
SCRIPT       : [emote] SurvivorM_Quinn:01 play emote id=14 IH=null
