10:16:07 BattlEye Server: Initialized (v1.219, DayZ 1.13.154080)
10:16:07 SUCCESS: SteamGameServer_Init(0,8766,2302,2305,3,1.13.154080)
10:16:07 Roles assigned.
10:16:07 Reading mission ...
10:16:10 [CE][Hive] :: Initializing OFFLINE
10:16:10 [CE][Hive] :: Loading core data ... 
10:16:10 [CE][CoreData] :: 7 root classes, 0 defaults, 0 updaters...
10:16:13 [CE][TypeSetup] :: 460 classes setuped...
10:16:13 [CE][TypeSetup] :: 88 classes setuped...
10:16:13 [CE][RegisterBind] :: 0 classes binded...
10:16:13 [CE][RegisterConfig] :: 9319 config classes registered, 0 sub-counters...
10:16:13 [CE][Hive] :: Loading map data ... 
10:16:13 [CE][LoadPrototype] :: loaded 242 prototypes
10:16:13   385 containers, 7194 points
10:16:13   0 dispatches, 0 proxies
10:16:13 !!![CE][LoadPrototype]  1 groups have wrong points...
10:16:13 [CE][LoadPrototype] :: last group name: land_supplycrates_spawn...
10:16:13 [CE][LoadPrototype] :: loaded 0 prototypes
10:16:13   0 containers, 0 points
10:16:13   0 dispatches, 0 proxies
10:16:13 [CE][LoadPrototype] :: last group name: StoneLoc38...
10:16:13 [CE][LoadMap] "Group" :: loaded 1413 groups, largest group range: 36.4
10:16:13 [CE][LoadMap] "Dirt" :: loaded 0 groups, largest group range: 36.4
10:16:13 [CE][LoadClusters] "Cluster" :: Loading files...
10:16:13 [CE][LoadClusters] :: file: "mapgroupcluster.xml", 1 types, 2418 instances
10:16:13 [CE][Storage] ver:21 stamp:2392, valid:yes, name:"mpmissions\ExpansionHard.Namalsk\storage_1\data\types.bin"
10:16:13 [CE][Storage] ver:21 stamp:2391, valid:yes, name:"mpmissions\ExpansionHard.Namalsk\storage_1\data\types.001"
10:16:13 [CE][Storage] ver:21 stamp:2389, valid:yes, name:"mpmissions\ExpansionHard.Namalsk\storage_1\data\types.002"
10:16:13 [CE][Storage] Restoring file "mpmissions\ExpansionHard.Namalsk\storage_1\data\types.bin".
10:16:13 [CE][offlineDB] :: Loaded 15 dynamic events 165 total types 0 total positions.
10:16:14 [CE][Storage] ver:21 stamp:2392, valid:yes, name:"mpmissions\ExpansionHard.Namalsk\storage_1\data\events.bin"
10:16:14 [CE][Storage] ver:21 stamp:2391, valid:yes, name:"mpmissions\ExpansionHard.Namalsk\storage_1\data\events.001"
10:16:14 [CE][Storage] ver:21 stamp:2389, valid:yes, name:"mpmissions\ExpansionHard.Namalsk\storage_1\data\events.002"
10:16:14 [CE][Storage] Restoring file "mpmissions\ExpansionHard.Namalsk\storage_1\data\events.bin".
10:16:14 [CE][DynamicEvent] Load  Events:[15] Primary spawners: 15 Secondary spawners: 0
10:16:14 [CE][Storage] ver:25 stamp:2392, valid:yes, name:"mpmissions\ExpansionHard.Namalsk\storage_1\data\dynamic_000.bin"
10:16:14 [CE][Storage] ver:25 stamp:2391, valid:yes, name:"mpmissions\ExpansionHard.Namalsk\storage_1\data\dynamic_000.001"
10:16:14 [CE][Storage] ver:25 stamp:2389, valid:yes, name:"mpmissions\ExpansionHard.Namalsk\storage_1\data\dynamic_000.002"
10:16:14 [CE][Storage] Restoring file "mpmissions\ExpansionHard.Namalsk\storage_1\data\dynamic_000.bin" 0 items.
10:16:14   0 items loaded.
10:16:14 [CE][Storage] ver:25 stamp:2392, valid:yes, name:"mpmissions\ExpansionHard.Namalsk\storage_1\data\dynamic_001.bin"
10:16:14 [CE][Storage] ver:25 stamp:2391, valid:yes, name:"mpmissions\ExpansionHard.Namalsk\storage_1\data\dynamic_001.001"
10:16:14 [CE][Storage] ver:25 stamp:2389, valid:yes, name:"mpmissions\ExpansionHard.Namalsk\storage_1\data\dynamic_001.002"
10:16:14 [CE][Storage] Restoring file "mpmissions\ExpansionHard.Namalsk\storage_1\data\dynamic_001.bin" 29 items.
10:16:14   29 items loaded.
10:16:14 [CE][Storage] ver:25 stamp:2392, valid:yes, name:"mpmissions\ExpansionHard.Namalsk\storage_1\data\dynamic_002.bin"
10:16:14 [CE][Storage] ver:25 stamp:2391, valid:yes, name:"mpmissions\ExpansionHard.Namalsk\storage_1\data\dynamic_002.001"
10:16:14 [CE][Storage] ver:25 stamp:2389, valid:yes, name:"mpmissions\ExpansionHard.Namalsk\storage_1\data\dynamic_002.002"
10:16:14 [CE][Storage] Restoring file "mpmissions\ExpansionHard.Namalsk\storage_1\data\dynamic_002.bin" 104 items.
10:16:14   104 items loaded.
10:16:14 [CE][Storage] ver:25 stamp:2392, valid:yes, name:"mpmissions\ExpansionHard.Namalsk\storage_1\data\dynamic_003.bin"
10:16:14 [CE][Storage] ver:25 stamp:2391, valid:yes, name:"mpmissions\ExpansionHard.Namalsk\storage_1\data\dynamic_003.001"
10:16:14 [CE][Storage] ver:25 stamp:2389, valid:yes, name:"mpmissions\ExpansionHard.Namalsk\storage_1\data\dynamic_003.002"
10:16:14 [CE][Storage] Restoring file "mpmissions\ExpansionHard.Namalsk\storage_1\data\dynamic_003.bin" 867 items.
10:16:14   867 items loaded.
10:16:14 [CE][Storage] ver:25 stamp:2392, valid:yes, name:"mpmissions\ExpansionHard.Namalsk\storage_1\data\dynamic_004.bin"
10:16:14 [CE][Storage] ver:25 stamp:2391, valid:yes, name:"mpmissions\ExpansionHard.Namalsk\storage_1\data\dynamic_004.001"
10:16:14 [CE][Storage] ver:25 stamp:2389, valid:yes, name:"mpmissions\ExpansionHard.Namalsk\storage_1\data\dynamic_004.002"
10:16:14 [CE][Storage] Restoring file "mpmissions\ExpansionHard.Namalsk\storage_1\data\dynamic_004.bin" 1467 items.
10:16:14   1467 items loaded.
10:16:14 [CE][Storage] ver:25 stamp:2392, valid:yes, name:"mpmissions\ExpansionHard.Namalsk\storage_1\data\dynamic_005.bin"
10:16:14 [CE][Storage] ver:25 stamp:2391, valid:yes, name:"mpmissions\ExpansionHard.Namalsk\storage_1\data\dynamic_005.001"
10:16:14 [CE][Storage] ver:25 stamp:2389, valid:yes, name:"mpmissions\ExpansionHard.Namalsk\storage_1\data\dynamic_005.002"
10:16:14 [CE][Storage] Restoring file "mpmissions\ExpansionHard.Namalsk\storage_1\data\dynamic_005.bin" 540 items.
10:16:14   540 items loaded.
10:16:14 [CE][Storage] ver:25 stamp:2392, valid:yes, name:"mpmissions\ExpansionHard.Namalsk\storage_1\data\dynamic_006.bin"
10:16:14 [CE][Storage] ver:25 stamp:2391, valid:yes, name:"mpmissions\ExpansionHard.Namalsk\storage_1\data\dynamic_006.001"
10:16:14 [CE][Storage] ver:25 stamp:2389, valid:yes, name:"mpmissions\ExpansionHard.Namalsk\storage_1\data\dynamic_006.002"
10:16:14 [CE][Storage] Restoring file "mpmissions\ExpansionHard.Namalsk\storage_1\data\dynamic_006.bin" 1265 items.
10:16:15   1265 items loaded.
10:16:15 [CE][Storage] ver:25 stamp:2392, valid:yes, name:"mpmissions\ExpansionHard.Namalsk\storage_1\data\dynamic_007.bin"
10:16:15 [CE][Storage] ver:25 stamp:2391, valid:yes, name:"mpmissions\ExpansionHard.Namalsk\storage_1\data\dynamic_007.001"
10:16:15 [CE][Storage] ver:25 stamp:2389, valid:yes, name:"mpmissions\ExpansionHard.Namalsk\storage_1\data\dynamic_007.002"
10:16:15 [CE][Storage] Restoring file "mpmissions\ExpansionHard.Namalsk\storage_1\data\dynamic_007.bin" 501 items.
10:16:15   501 items loaded.
10:16:15 [CE][Storage] ver:25 stamp:2392, valid:yes, name:"mpmissions\ExpansionHard.Namalsk\storage_1\data\dynamic_008.bin"
10:16:15 [CE][Storage] ver:25 stamp:2391, valid:yes, name:"mpmissions\ExpansionHard.Namalsk\storage_1\data\dynamic_008.001"
10:16:15 [CE][Storage] ver:25 stamp:2389, valid:yes, name:"mpmissions\ExpansionHard.Namalsk\storage_1\data\dynamic_008.002"
10:16:15 [CE][Storage] Restoring file "mpmissions\ExpansionHard.Namalsk\storage_1\data\dynamic_008.bin" 123 items.
10:16:15   123 items loaded.
10:16:15 [CE][Storage] ver:25 stamp:2392, valid:yes, name:"mpmissions\ExpansionHard.Namalsk\storage_1\data\dynamic_009.bin"
10:16:15 [CE][Storage] ver:25 stamp:2391, valid:yes, name:"mpmissions\ExpansionHard.Namalsk\storage_1\data\dynamic_009.001"
10:16:15 [CE][Storage] ver:25 stamp:2389, valid:yes, name:"mpmissions\ExpansionHard.Namalsk\storage_1\data\dynamic_009.002"
10:16:15 [CE][Storage] Restoring file "mpmissions\ExpansionHard.Namalsk\storage_1\data\dynamic_009.bin" 0 items.
10:16:15   0 items loaded.
10:16:15 [CE][Storage] ver:25 stamp:2392, valid:yes, name:"mpmissions\ExpansionHard.Namalsk\storage_1\data\dynamic_010.bin"
10:16:15 [CE][Storage] ver:25 stamp:2391, valid:yes, name:"mpmissions\ExpansionHard.Namalsk\storage_1\data\dynamic_010.001"
10:16:15 [CE][Storage] ver:25 stamp:2389, valid:yes, name:"mpmissions\ExpansionHard.Namalsk\storage_1\data\dynamic_010.002"
10:16:15 [CE][Storage] Restoring file "mpmissions\ExpansionHard.Namalsk\storage_1\data\dynamic_010.bin" 4 items.
10:16:15   4 items loaded.
10:16:15 [CE][Storage] ver:25 stamp:2392, valid:yes, name:"mpmissions\ExpansionHard.Namalsk\storage_1\data\dynamic_011.bin"
10:16:15 [CE][Storage] ver:25 stamp:2391, valid:yes, name:"mpmissions\ExpansionHard.Namalsk\storage_1\data\dynamic_011.001"
10:16:15 [CE][Storage] ver:25 stamp:2389, valid:yes, name:"mpmissions\ExpansionHard.Namalsk\storage_1\data\dynamic_011.002"
10:16:15 [CE][Storage] Restoring file "mpmissions\ExpansionHard.Namalsk\storage_1\data\dynamic_011.bin" 19 items.
10:16:15   19 items loaded.
10:16:15 [CE][Storage] ver:26 stamp:2392, valid:yes, name:"mpmissions\ExpansionHard.Namalsk\storage_1\data\building.bin"
10:16:15 [CE][Storage] ver:26 stamp:2391, valid:yes, name:"mpmissions\ExpansionHard.Namalsk\storage_1\data\building.001"
10:16:15 [CE][Storage] ver:26 stamp:2389, valid:yes, name:"mpmissions\ExpansionHard.Namalsk\storage_1\data\building.002"
10:16:15 [CE][Storage] Restoring file "mpmissions\ExpansionHard.Namalsk\storage_1\data\building.bin" 0 items.
10:16:15   0 items loaded.
10:16:15 [CE][Storage] ver:25 stamp:2392, valid:yes, name:"mpmissions\ExpansionHard.Namalsk\storage_1\data\vehicles.bin"
10:16:15 [CE][Storage] ver:25 stamp:2391, valid:yes, name:"mpmissions\ExpansionHard.Namalsk\storage_1\data\vehicles.001"
10:16:15 [CE][Storage] ver:25 stamp:2389, valid:yes, name:"mpmissions\ExpansionHard.Namalsk\storage_1\data\vehicles.002"
10:16:15 [CE][Storage] Restoring file "mpmissions\ExpansionHard.Namalsk\storage_1\data\vehicles.bin" 38 items.
10:16:15   38 items loaded.
10:16:15 [CE][Hive] :: Storage load took:1.45 seconds, recovery stamp:2392
10:16:15   entity: 5366, building: 0
10:16:15   pathgraph's: 59
10:16:15 [CE][Hive] :: Initializing ... 
10:16:15 [CE][InitializeMap] :: initialized: 0
10:16:15 [CE][Hive] :: Initializing spawners ... 
10:16:15 [CE][LootRespawner] (PRIDummy) :: Initially (re)spawned:0, Nominal:5426, Total in Map: 4980 at 0 (sec)
10:16:15   tests:0, repeats:0 fails:0, overtime:0
10:16:16 [CE][DynEvent] :: 15 types
10:16:16 [00] Loot
10:16:16   Primary Spawner: "Loot", active: yes, repeat: 2
10:16:16 [01] StaticMedDrop
10:16:16   Primary Spawner: "Vehicle", active: yes, repeat: 1
10:16:16 [02] TrajectoryStones
10:16:16   Primary Spawner: "Trajectory", active: yes, repeat: 1
10:16:16 [03] InfectedArmy
10:16:16   Primary Spawner: "Infected", active: yes, repeat: 1
10:16:16 [04] InfectedIndustrial
10:16:16   Primary Spawner: "Infected", active: yes, repeat: 1
10:16:16 [05] InfectedCivil
10:16:16   Primary Spawner: "Infected", active: yes, repeat: 1
10:16:16 [06] InfectedMedic
10:16:16   Primary Spawner: "Infected", active: yes, repeat: 1
10:16:16 [07] AnimalGoat
10:16:16   Primary Spawner: "Animal", active: yes, repeat: 1
10:16:16 [08] AnimalSheep
10:16:16   Primary Spawner: "Animal", active: yes, repeat: 1
10:16:16 [09] AnimalRoeDeer
10:16:16   Primary Spawner: "Animal", active: yes, repeat: 1
10:16:16 [10] AnimalDeer
10:16:16   Primary Spawner: "Animal", active: yes, repeat: 1
10:16:16 [11] AnimalWildBoar
10:16:16   Primary Spawner: "Animal", active: yes, repeat: 1
10:16:16 [12] AnimalWolf
10:16:16   Primary Spawner: "Animal", active: yes, repeat: 1
10:16:16 [13] AnimalBrownBear
10:16:16   Primary Spawner: "Animal", active: yes, repeat: 1
10:16:16 [14] AnimalPolarBear
10:16:16   Primary Spawner: "Animal", active: yes, repeat: 1
10:16:16 [CE][Hive] :: Initializing of spawners done.
10:16:16 [CE][Hive] :: Init sequence finished.
10:16:16 Player connect enabled
10:16:16 Mission read.
10:16:16 Connected to Steam
10:16:16 Steam policy response
10:16:16 [IdleMode] Entering IN - save processed
10:16:17 Average server FPS: 111.60 (measured interval: 10 s)
10:16:17 Used memory: 1487984 KB
10:16:17 Players: 0 in total
10:16:27 Average server FPS: 13064.70 (measured interval: 10 s)
10:16:27 Used memory: 1496572 KB
10:16:27 Players: 0 in total
10:16:37 Average server FPS: 15337.00 (measured interval: 10 s)
10:16:37 Used memory: 1503516 KB
10:16:37 Players: 0 in total
10:16:47 Average server FPS: 15394.80 (measured interval: 10 s)
10:16:47 Used memory: 1503527 KB
10:16:47 Players: 0 in total
10:16:57 Average server FPS: 15027.70 (measured interval: 10 s)
10:16:57 Used memory: 1503549 KB
10:16:57 Players: 0 in total
10:17:07 Average server FPS: 14958.90 (measured interval: 10 s)
10:17:07 Used memory: 1503553 KB
10:17:07 Players: 0 in total
10:17:17 Average server FPS: 14649.30 (measured interval: 10 s)
10:17:17 Used memory: 1503574 KB
10:17:17 Players: 0 in total
10:17:27 [Login]: Adding player Survivor (18035204) to login queue at position 0
10:17:27 [LoginMachine]: Add player Survivor (18035204)
10:17:27 [StateMachine]: Player Survivor (dpnid 18035204 uid ) Entering AuthPlayerLoginState
10:17:27 Average server FPS: 14609.50 (measured interval: 10 s)
10:17:27 Used memory: 1503841 KB
10:17:27 Players: 1 in total
10:17:29 BattlEye Server: Player #0 Survivor (170.10.254.247:2316) connected
10:17:29 Player Survivor connecting.
10:17:29 [StateMachine]: Player Survivor (dpnid 18035204 uid ) Entering WaitAuthPlayerLoginState
10:17:29 BattlEye Server: Connected to BE Master
10:17:30 BattlEye Server: Player #0 Survivor - BE GUID: 3c0b6cc0875b07e6da5f0e3d6f187701
10:17:30 BattlEye Server: Verified GUID (3c0b6cc0875b07e6da5f0e3d6f187701) of player #0 Survivor
10:17:30 Player Survivor connected (id=AdNx87DNyRrGmm24ZM9mjIls2ZAvXQ5GmHdee6aK1-0=).
10:17:30 Player "Survivor" is connected (steamID=76561197990717655)
10:17:30 [StateMachine]: Player Survivor (dpnid 18035204 uid AdNx87DNyRrGmm24ZM9mjIls2ZAvXQ5GmHdee6aK1-0=) Entering DBGetLoginTimeLoginState
10:17:30 [StateMachine]: Player Survivor (dpnid 18035204 uid AdNx87DNyRrGmm24ZM9mjIls2ZAvXQ5GmHdee6aK1-0=) Entering DBWaitLoginTimeLoginState
10:17:31 [IdleMode] Leaving OUT
10:17:37 Average server FPS: 13577.10 (measured interval: 10 s)
10:17:37 Used memory: 1509160 KB
10:17:37 Players: 1 in total
10:17:45 [StateMachine]: Player Survivor (dpnid 18035204 uid AdNx87DNyRrGmm24ZM9mjIls2ZAvXQ5GmHdee6aK1-0=) Entering DBGetCharacterLoginState
10:17:45 [StateMachine]: Player Survivor (dpnid 18035204 uid AdNx87DNyRrGmm24ZM9mjIls2ZAvXQ5GmHdee6aK1-0=) Entering CreateNetObjectsLoginState
10:17:45 Player Survivor dpid=18035204 at pos (9037.4, 9.1, 10148.0) 
10:17:45 [StateMachine]: Player Survivor (dpnid 18035204 uid AdNx87DNyRrGmm24ZM9mjIls2ZAvXQ5GmHdee6aK1-0=) Entering PreloadCamLoginState
10:17:45 [StateMachine]: Player Survivor (dpnid 18035204 uid AdNx87DNyRrGmm24ZM9mjIls2ZAvXQ5GmHdee6aK1-0=) Entering WaitPreloadCamLoginState
10:17:47 Average server FPS: 12158.10 (measured interval: 10 s)
10:17:47 Used memory: 1517598 KB
10:17:47 Players: 1 in total
10:17:53 [CE][LootRespawner] (PRIDummy) :: Item [0] causing search overtime: "ExpansionHelipadKit"
10:17:53 [CE][LootRespawner] (PRIDummy) :: Item [1] causing search overtime: "ExpansionCamoTentKit"
10:17:53 [CE][LootRespawner] (PRIDummy) :: Item [2] causing search overtime: "ExpansionCamoBoxKit"
10:17:53 [CE][LootRespawner] (PRIDummy) :: Item [3] causing search overtime: "ExpansionHescoKit"
10:17:53 [CE][LootRespawner] (PRIDummy) :: Item [4] causing search overtime: "ExpansionBarrierGateKit"
10:17:55 [CE][SpawnRandomLoot] (StaticMedDrop) :: ChildType: Misc_cargo_cont_net1, lootmin: 5, lootmax: 10, wanted: 8
10:17:55 [CE][SpawnRandomLoot] (StaticMedDrop) :: ChildType: Misc_cargo_cont_net1, lootmin: 5, lootmax: 10, wanted: 8
10:17:55 [CE][SpawnRandomLoot] (StaticMedDrop) :: ChildType: Misc_cargo_cont_net1, lootmin: 5, lootmax: 10, wanted: 6
10:17:55 [CE][SpawnRandomLoot] (StaticMedDrop) :: ChildType: Misc_cargo_cont_net1, lootmin: 5, lootmax: 10, wanted: 9
10:17:55 [CE][SpawnRandomLoot] (StaticMedDrop) :: ChildType: Misc_cargo_cont_net1, lootmin: 5, lootmax: 10, wanted: 6
10:17:55 [CE][SpawnRandomLoot] (StaticMedDrop) :: ChildType: Misc_cargo_cont_net1, lootmin: 5, lootmax: 10, wanted: 9
10:17:57 Average server FPS: 11747.10 (measured interval: 10 s)
10:17:57 Used memory: 1524273 KB
10:17:57 Players: 1 in total
10:18:01 [StateMachine]: Player Survivor (dpnid 18035204 uid AdNx87DNyRrGmm24ZM9mjIls2ZAvXQ5GmHdee6aK1-0=) Entering GetLoadedCharLoginState
10:18:03 <LOAD EXISTING CHAR>:
    charID 1
    playerID 1
    dpnid 18035204
    uid AdNx87DNyRrGmm24ZM9mjIls2ZAvXQ5GmHdee6aK1-0=
10:18:07 Average server FPS: 6712.90 (measured interval: 10 s)
10:18:07 Used memory: 1553265 KB
10:18:07 Players: 1 in total
10:18:17 Average server FPS: 5901.90 (measured interval: 10 s)
10:18:17 Used memory: 1553721 KB
10:18:17 Players: 1 in total
10:18:22 [CE][LootRespawner] (PRIDummy) :: Item [5] causing search overtime: "ExpansionHelipadKit"
10:18:22 [CE][LootRespawner] (PRIDummy) :: Item [6] causing search overtime: "ExpansionCamoTentKit"
10:18:22 [CE][LootRespawner] (PRIDummy) :: Item [7] causing search overtime: "ExpansionCamoBoxKit"
10:18:22 [CE][LootRespawner] (PRIDummy) :: Item [8] causing search overtime: "ExpansionHescoKit"
10:18:22 [CE][LootRespawner] (PRIDummy) :: Item [9] causing search overtime: "ExpansionBarrierGateKit"
10:18:23 [CE][LootRespawner] (PRIDummy) :: Item [0] is hard to place, performance drops: "ExpansionVodnikWheel"
10:18:27 Average server FPS: 5861.80 (measured interval: 10 s)
10:18:27 Used memory: 1554004 KB
10:18:27 Players: 1 in total
10:18:37 Average server FPS: 5873.40 (measured interval: 10 s)
10:18:37 Used memory: 1554093 KB
10:18:37 Players: 1 in total
10:18:47 Average server FPS: 5848.60 (measured interval: 10 s)
10:18:47 Used memory: 1554398 KB
10:18:47 Players: 1 in total
10:18:49 [CE][LootRespawner] (PRIDummy) :: Item [10] causing search overtime: "ExpansionHelipadKit"
10:18:49 [CE][LootRespawner] (PRIDummy) :: Item [11] causing search overtime: "ExpansionCamoTentKit"
10:18:49 [CE][LootRespawner] (PRIDummy) :: Item [12] causing search overtime: "ExpansionCamoBoxKit"
10:18:49 [CE][LootRespawner] (PRIDummy) :: Item [13] causing search overtime: "ExpansionHescoKit"
10:18:49 [CE][LootRespawner] (PRIDummy) :: Item [14] causing search overtime: "ExpansionBarrierGateKit"
10:18:57 Average server FPS: 5904.80 (measured interval: 10 s)
10:18:57 Used memory: 1554961 KB
10:18:57 Players: 1 in total
10:19:07 Average server FPS: 5883.00 (measured interval: 10 s)
10:19:07 Used memory: 1555094 KB
10:19:07 Players: 1 in total
10:19:16 [CE][LootRespawner] (PRIDummy) :: Item [15] causing search overtime: "ExpansionHelipadKit"
10:19:16 [CE][LootRespawner] (PRIDummy) :: Item [16] causing search overtime: "ExpansionCamoTentKit"
10:19:16 [CE][LootRespawner] (PRIDummy) :: Item [17] causing search overtime: "ExpansionCamoBoxKit"
10:19:16 [CE][LootRespawner] (PRIDummy) :: Item [18] causing search overtime: "ExpansionHescoKit"
10:19:16 [CE][LootRespawner] (PRIDummy) :: Item [19] causing search overtime: "ExpansionBarrierGateKit"
10:19:17 Average server FPS: 5891.90 (measured interval: 10 s)
10:19:17 Used memory: 1555674 KB
10:19:17 Players: 1 in total
10:19:27 Average server FPS: 5864.10 (measured interval: 10 s)
10:19:27 Used memory: 1555646 KB
10:19:27 Players: 1 in total
10:19:37 Average server FPS: 5899.10 (measured interval: 10 s)
10:19:37 Used memory: 1555753 KB
10:19:37 Players: 1 in total
10:19:47 Average server FPS: 5565.20 (measured interval: 10 s)
10:19:47 Used memory: 1556034 KB
10:19:47 Players: 1 in total
10:19:57 Average server FPS: 5051.60 (measured interval: 10 s)
10:19:57 Used memory: 1556016 KB
10:19:57 Players: 1 in total
10:20:07 Average server FPS: 5618.00 (measured interval: 10 s)
10:20:07 Used memory: 1556079 KB
10:20:07 Players: 1 in total
10:20:10 [CE][LootRespawner] (PRIDummy) :: Item [1] is hard to place, performance drops: "Jeans_BlueDark"
10:20:10 [CE][LootRespawner] (PRIDummy) :: Item [2] is hard to place, performance drops: "Jeans_BlueDark"
10:20:10 [CE][LootRespawner] (PRIDummy) :: Item [3] is hard to place, performance drops: "Jeans_BlueDark"
10:20:11 [CE][LootRespawner] (PRIDummy) :: Item [4] is hard to place, performance drops: "TacticalShirt_Grey"
10:20:17 Average server FPS: 5585.10 (measured interval: 10 s)
10:20:17 Used memory: 1556390 KB
10:20:17 Players: 1 in total
10:20:27 Average server FPS: 5045.80 (measured interval: 10 s)
10:20:27 Used memory: 1556067 KB
10:20:27 Players: 1 in total
10:20:37 [CE][LootRespawner] (PRIDummy) :: Item [5] is hard to place, performance drops: "Crowbar"
10:20:37 Average server FPS: 5025.80 (measured interval: 10 s)
10:20:37 Used memory: 1558705 KB
10:20:37 Players: 1 in total
10:20:38 !!! [CE][Point] Removing 4379.224609, 8121.900391 from land_wrecked_ural
10:20:38 [CE][LootRespawner] (PRIDummy) :: Item [6] is hard to place, performance drops: "Mag_MP5_30Rnd"
10:20:47 Average server FPS: 4957.70 (measured interval: 10 s)
10:20:47 Used memory: 1558745 KB
10:20:47 Players: 1 in total
10:20:57 Average server FPS: 5002.40 (measured interval: 10 s)
10:20:57 Used memory: 1558893 KB
10:20:57 Players: 1 in total
10:21:07 Average server FPS: 4979.40 (measured interval: 10 s)
10:21:07 Used memory: 1559076 KB
10:21:07 Players: 1 in total
10:21:17 Average server FPS: 4948.50 (measured interval: 10 s)
10:21:17 Used memory: 1559995 KB
10:21:17 Players: 1 in total
10:21:27 Average server FPS: 4953.90 (measured interval: 10 s)
10:21:27 Used memory: 1560197 KB
10:21:27 Players: 1 in total
10:21:32 [CE][LootRespawner] (PRIDummy) :: Item [7] is hard to place, performance drops: "dzn_WaterBottle"
10:21:37 Average server FPS: 5159.50 (measured interval: 10 s)
10:21:37 Used memory: 1560480 KB
10:21:37 Players: 1 in total
10:21:47 Average server FPS: 5717.80 (measured interval: 10 s)
10:21:47 Used memory: 1559936 KB
10:21:47 Players: 1 in total
10:21:57 Average server FPS: 5755.10 (measured interval: 10 s)
10:21:57 Used memory: 1560088 KB
10:21:57 Players: 1 in total
10:21:58 [CE][LootRespawner] (PRIDummy) :: Item [8] is hard to place, performance drops: "HunterPants_Spring"
10:21:59 [CE][LootRespawner] (PRIDummy) :: Item [9] is hard to place, performance drops: "ZmijovkaCap_Black"
10:22:07 Average server FPS: 5698.50 (measured interval: 10 s)
10:22:07 Used memory: 1560202 KB
10:22:07 Players: 1 in total
10:22:17 Average server FPS: 5661.20 (measured interval: 10 s)
10:22:17 Used memory: 1560053 KB
10:22:17 Players: 1 in total
10:22:24 !!! [CE][Point] Removing 7662.071289, 8789.262695 from land_hiluxT
10:22:24 [CE][LootRespawner] (PRIDummy) :: Item [10] is hard to place, performance drops: "LeatherSewingKit"
10:22:24 [CE][LootRespawner] (PRIDummy) :: Item [11] is hard to place, performance drops: "LeatherSewingKit"
10:22:27 Average server FPS: 5552.50 (measured interval: 10 s)
10:22:27 Used memory: 1560178 KB
10:22:27 Players: 1 in total
10:22:37 Average server FPS: 4925.10 (measured interval: 10 s)
10:22:37 Used memory: 1560146 KB
10:22:37 Players: 1 in total
10:22:47 Average server FPS: 4926.60 (measured interval: 10 s)
10:22:47 Used memory: 1560369 KB
10:22:47 Players: 1 in total
10:22:57 Average server FPS: 4905.90 (measured interval: 10 s)
10:22:57 Used memory: 1560836 KB
10:22:57 Players: 1 in total
10:23:07 Average server FPS: 4931.00 (measured interval: 10 s)
10:23:07 Used memory: 1560595 KB
10:23:07 Players: 1 in total
10:23:17 Average server FPS: 4874.20 (measured interval: 10 s)
10:23:17 Used memory: 1560448 KB
10:23:17 Players: 1 in total
10:23:27 Average server FPS: 8540.20 (measured interval: 10 s)
10:23:27 Used memory: 1560750 KB
10:23:27 Players: 1 in total
10:23:29 Respawn: Add player Survivor (18035204) to respawn machine
10:23:29 [StateMachine]: Player Survivor (dpnid 18035204 uid ) Entering GetCharacterRespawnState
10:23:29 [StateMachine]: Player Survivor (dpnid 18035204 uid ) Entering PreloadCamRespawnState
10:23:29 Player Survivor dpid=18035204 at pos (6654.2, 0.0, 11966.3) 
10:23:29 [StateMachine]: Player Survivor (dpnid 18035204 uid ) Entering WaitPreloadCamRespawnState
10:23:37 Average server FPS: 11443.80 (measured interval: 10 s)
10:23:37 Used memory: 1560573 KB
10:23:37 Players: 1 in total
10:23:44 [StateMachine]: Player Survivor (dpnid 18035204 uid ) Entering GetNewCharRespawnState
10:23:44 <RESPAWN NEW CHAR>:
    charID 1
    playerID 1
    dpnid 18035204
    uid AdNx87DNyRrGmm24ZM9mjIls2ZAvXQ5GmHdee6aK1-0=
10:23:45 [CE][LootRespawner] (PRIDummy) :: Item [12] is hard to place, performance drops: "Rope"
10:23:46 [CE][LootRespawner] (PRIDummy) :: Item [13] is hard to place, performance drops: "dzn_smershvest_white"
10:23:47 Average server FPS: 9574.10 (measured interval: 10 s)
10:23:47 Used memory: 1562508 KB
10:23:47 Players: 1 in total
10:23:57 Average server FPS: 5577.10 (measured interval: 10 s)
10:23:57 Used memory: 1561556 KB
10:23:57 Players: 1 in total
10:24:07 Average server FPS: 5494.40 (measured interval: 10 s)
10:24:07 Used memory: 1562775 KB
10:24:07 Players: 1 in total
10:24:17 Average server FPS: 5427.40 (measured interval: 10 s)
10:24:17 Used memory: 1562742 KB
10:24:17 Players: 1 in total
10:24:27 Average server FPS: 5459.20 (measured interval: 10 s)
10:24:27 Used memory: 1562621 KB
10:24:27 Players: 1 in total
10:24:37 Average server FPS: 5430.90 (measured interval: 10 s)
10:24:37 Used memory: 1562723 KB
10:24:37 Players: 1 in total
10:24:47 Average server FPS: 5428.70 (measured interval: 10 s)
10:24:47 Used memory: 1563015 KB
10:24:47 Players: 1 in total
10:24:57 Average server FPS: 5449.90 (measured interval: 10 s)
10:24:57 Used memory: 1562855 KB
10:24:57 Players: 1 in total
10:25:06 [CE][LootRespawner] (PRIDummy) :: Item [14] is hard to place, performance drops: "DressShoes_Brown"
10:25:06 [CE][LootRespawner] (PRIDummy) :: Item [15] is hard to place, performance drops: "JoggingShoes_Violet"
10:25:07 [CE][LootRespawner] (PRIDummy) :: Item [16] is hard to place, performance drops: "TShirt_Red"
10:25:07 [CE][LootRespawner] (PRIDummy) :: Item [17] is hard to place, performance drops: "TShirt_Red"
10:25:07 Average server FPS: 5430.20 (measured interval: 10 s)
10:25:07 Used memory: 1563092 KB
10:25:07 Players: 1 in total
10:25:17 Average server FPS: 5424.00 (measured interval: 10 s)
10:25:17 Used memory: 1563034 KB
10:25:17 Players: 1 in total
10:25:27 Average server FPS: 5443.70 (measured interval: 10 s)
10:25:27 Used memory: 1563111 KB
10:25:27 Players: 1 in total
10:25:37 Average server FPS: 5431.10 (measured interval: 10 s)
10:25:37 Used memory: 1563435 KB
10:25:37 Players: 1 in total
10:25:47 Average server FPS: 5448.60 (measured interval: 10 s)
10:25:47 Used memory: 1563032 KB
10:25:47 Players: 1 in total
10:25:57 Average server FPS: 5375.40 (measured interval: 10 s)
10:25:57 Used memory: 1563167 KB
10:25:57 Players: 1 in total
10:26:00 [CE][LootRespawner] (PRIDummy) :: Item [18] is hard to place, performance drops: "MedicalScrubsPants_Green"
10:26:07 Average server FPS: 5593.10 (measured interval: 10 s)
10:26:07 Used memory: 1563539 KB
10:26:07 Players: 1 in total
10:26:17 Average server FPS: 5370.90 (measured interval: 10 s)
10:26:17 Used memory: 1563217 KB
10:26:17 Players: 1 in total
10:26:27 Average server FPS: 5412.00 (measured interval: 10 s)
10:26:27 Used memory: 1563517 KB
10:26:27 Players: 1 in total
10:26:27 [CE][LootRespawner] (PRIDummy) :: Item [19] is hard to place, performance drops: "Bandana_Greenpattern"
10:26:37 Average server FPS: 5391.90 (measured interval: 10 s)
10:26:37 Used memory: 1563546 KB
10:26:37 Players: 1 in total
10:26:47 Average server FPS: 5504.70 (measured interval: 10 s)
10:26:47 Used memory: 1563607 KB
10:26:47 Players: 1 in total
10:26:57 Average server FPS: 5642.70 (measured interval: 10 s)
10:26:57 Used memory: 1563860 KB
10:26:57 Players: 1 in total
10:27:07 Average server FPS: 5630.30 (measured interval: 10 s)
10:27:07 Used memory: 1563700 KB
10:27:07 Players: 1 in total
10:27:08 [Disconnect]: Start script disconnect 18035204 (dbCharacterId 1 dbPlayerId 1) logoutTime 15
10:27:09 [Disconnect]: Client 18035204 disconnecting
10:27:09 [Disconnect]: Client 18035204 early disconnect
10:27:09 [Disconnect]: Start script disconnect 18035204 (dbCharacterId 1 dbPlayerId 1) logoutTime 15
10:27:17 Average server FPS: 5683.80 (measured interval: 10 s)
10:27:17 Used memory: 1563673 KB
10:27:17 Players: 1 in total
10:27:20 [Disconnect]: No packets from 18035204
10:27:20 [Disconnect]: Already in progress 18035204 
10:27:23 [Disconnect]: Finish script disconnect 18035204
10:27:23 [Disconnect]: DisconnectPlayerFinish 18035204
10:27:23 [Disconnect]: Remove player info 18035204
10:27:23 [Disconnect]: Player destroy 18035204 
10:27:23 Player Survivor disconnected.
10:27:23 BattlEye Server: Player #0 Survivor disconnected
10:27:27 Average server FPS: 8381.90 (measured interval: 10 s)
10:27:27 Used memory: 1563041 KB
10:27:27 Players: 0 in total
10:27:37 Average server FPS: 12549.60 (measured interval: 10 s)
10:27:37 Used memory: 1562715 KB
10:27:37 Players: 0 in total
10:27:47 Average server FPS: 13211.10 (measured interval: 10 s)
10:27:47 Used memory: 1562075 KB
10:27:47 Players: 0 in total
10:27:57 Average server FPS: 13196.80 (measured interval: 10 s)
10:27:57 Used memory: 1562198 KB
10:27:57 Players: 0 in total
10:28:07 Average server FPS: 13147.60 (measured interval: 10 s)
10:28:07 Used memory: 1561403 KB
10:28:07 Players: 0 in total
10:28:17 Average server FPS: 13005.50 (measured interval: 10 s)
10:28:17 Used memory: 1561746 KB
10:28:17 Players: 0 in total
10:28:25 [IdleMode] Entering IN - save processed
10:28:27 Average server FPS: 13105.70 (measured interval: 10 s)
10:28:27 Used memory: 1561537 KB
10:28:27 Players: 0 in total
10:28:37 Average server FPS: 13261.70 (measured interval: 10 s)
10:28:37 Used memory: 1561538 KB
10:28:37 Players: 0 in total
10:28:47 Average server FPS: 13282.50 (measured interval: 10 s)
10:28:47 Used memory: 1561538 KB
10:28:47 Players: 0 in total
10:28:57 Average server FPS: 13394.70 (measured interval: 10 s)
10:28:57 Used memory: 1561538 KB
10:28:57 Players: 0 in total
10:29:07 Average server FPS: 13380.60 (measured interval: 10 s)
10:29:07 Used memory: 1561538 KB
10:29:07 Players: 0 in total
10:29:17 Average server FPS: 13333.60 (measured interval: 10 s)
10:29:17 Used memory: 1561539 KB
10:29:17 Players: 0 in total
10:29:27 Average server FPS: 13333.00 (measured interval: 10 s)
10:29:27 Used memory: 1561539 KB
10:29:27 Players: 0 in total
10:29:37 Average server FPS: 13435.60 (measured interval: 10 s)
10:29:37 Used memory: 1561539 KB
10:29:37 Players: 0 in total
10:29:47 Average server FPS: 13396.20 (measured interval: 10 s)
10:29:47 Used memory: 1561541 KB
10:29:47 Players: 0 in total
10:29:57 Average server FPS: 13367.00 (measured interval: 10 s)
10:29:57 Used memory: 1561540 KB
10:29:57 Players: 0 in total
10:30:07 Average server FPS: 13375.90 (measured interval: 10 s)
10:30:07 Used memory: 1561540 KB
10:30:07 Players: 0 in total
10:30:17 Average server FPS: 13392.40 (measured interval: 10 s)
10:30:17 Used memory: 1561540 KB
10:30:17 Players: 0 in total
10:30:27 Average server FPS: 13378.90 (measured interval: 10 s)
10:30:27 Used memory: 1561539 KB
10:30:27 Players: 0 in total
10:30:37 Average server FPS: 13420.00 (measured interval: 10 s)
10:30:37 Used memory: 1561541 KB
10:30:37 Players: 0 in total
10:30:47 Average server FPS: 13414.70 (measured interval: 10 s)
10:30:47 Used memory: 1561540 KB
10:30:47 Players: 0 in total
10:30:57 Average server FPS: 13402.30 (measured interval: 10 s)
10:30:57 Used memory: 1561542 KB
10:30:57 Players: 0 in total
10:31:07 Average server FPS: 13355.00 (measured interval: 10 s)
10:31:07 Used memory: 1561541 KB
10:31:07 Players: 0 in total
10:31:17 Average server FPS: 13313.50 (measured interval: 10 s)
10:31:17 Used memory: 1561541 KB
10:31:17 Players: 0 in total
10:31:27 Average server FPS: 13346.50 (measured interval: 10 s)
10:31:27 Used memory: 1561543 KB
10:31:27 Players: 0 in total
10:31:37 Average server FPS: 13407.00 (measured interval: 10 s)
10:31:37 Used memory: 1561543 KB
10:31:37 Players: 0 in total
10:31:47 Average server FPS: 13430.00 (measured interval: 10 s)
10:31:47 Used memory: 1561544 KB
10:31:47 Players: 0 in total
10:31:57 Average server FPS: 13425.30 (measured interval: 10 s)
10:31:57 Used memory: 1561544 KB
10:31:57 Players: 0 in total
10:32:07 Average server FPS: 13452.70 (measured interval: 10 s)
10:32:07 Used memory: 1561544 KB
10:32:07 Players: 0 in total
10:32:17 Average server FPS: 13376.80 (measured interval: 10 s)
10:32:17 Used memory: 1561544 KB
10:32:17 Players: 0 in total
10:32:27 Average server FPS: 13479.00 (measured interval: 10 s)
10:32:27 Used memory: 1561544 KB
10:32:27 Players: 0 in total
10:32:37 Average server FPS: 13423.50 (measured interval: 10 s)
10:32:37 Used memory: 1561546 KB
10:32:37 Players: 0 in total
10:32:47 Average server FPS: 13457.70 (measured interval: 10 s)
10:32:47 Used memory: 1561546 KB
10:32:47 Players: 0 in total
10:32: