[COT 2021-09-07 13:19:24] 76561197990717655: Spawned Entity Flashlight (Flashlight<d49c480>, -1, 70) at <9037.352539, 9.087789, 10148.048828>
[COT 2021-09-07 13:19:34] 76561197990717655: Spawned Entity 9V Battery (Battery9V<1471feb0>, 50, 20) at <9037.352539, 9.087789, 10148.048828>
[COT 2021-09-07 13:21:22] 76561197990717655: Spawned Entity Heat Pack (Heatpack<14f21190>, -1, 30) at <9038.544922, 9.087242, 10147.942383>
[COT 2021-09-07 13:21:22] 76561197990717655: Spawned Entity Heat Pack (Heatpack<14f1e6c0>, -1, 30) at <9038.544922, 9.087242, 10147.942383>
[COT 2021-09-07 13:21:23] 76561197990717655: Spawned Entity Heat Pack (Heatpack<f560fc20>, -1, 30) at <9038.544922, 9.087242, 10147.942383>
[COT 2021-09-07 13:21:23] 76561197990717655: Spawned Entity Heat Pack (Heatpack<f5618520>, -1, 30) at <9038.544922, 9.087242, 10147.942383>
[COT 2021-09-07 13:21:24] 76561197990717655: Spawned Entity Heat Pack (Heatpack<f5618db0>, -1, 30) at <9038.544922, 9.087242, 10147.942383>
[COT 2021-09-07 13:24:11] 76561197990717655: ESP: ESP updating
[COT 2021-09-07 13:24:22] 76561197990717655: Spawned Entity Tactical Gloves (TacticalGloves_Green<14b6fc80>, -1, 165) at <6651.541016, 7.662385, 11965.658203>
[COT 2021-09-07 13:24:34] 76561197990717655: Spawned Entity Ushanka (Ushanka_Green<14b6aaf0>, -1, 50) at <6651.541016, 7.662385, 11965.658203>
[COT 2021-09-07 13:25:00] 76561197990717655: Spawned Entity Ski Mask (BalaclavaMask_Blue<16b6f090>, -1, 100) at <6651.541016, 7.662385, 11965.658203>
[COT 2021-09-07 13:25:17] 76561197990717655: Spawned Entity Hunter Pants (HunterPants_Winter<12b02df0>, -1, 150) at <6651.541016, 7.662385, 11965.658203>
[COT 2021-09-07 13:25:26] 76561197990717655: Spawned Entity Hunter Jacket (HuntingJacket_Winter<12afc130>, -1, 150) at <6651.541016, 7.662385, 11965.658203>
[COT 2021-09-07 13:25:28] 76561197990717655: Spawned Entity Hunter Vest (HuntingVest<d5b4b80>, -1, 130) at <6651.541016, 7.662385, 11965.658203>
[COT 2021-09-07 13:25:30] 76561197990717655: Spawned Entity Hunter Backpack (HuntingBag<d5c5250>, -1, 160) at <6651.541016, 7.662385, 11965.658203>
[COT 2021-09-07 13:26:41] 76561197990717655: Set rain to 0.96 0 0
[COT 2021-09-07 13:26:41] 76561197990717655: Set storm to 0.9216 0.8 4000
[COT 2021-09-07 13:26:41] 76561197990717655: Set fog to 0.97 0 0
[COT 2021-09-07 13:26:41] 76561197990717655: Set overcast to 0.97 0 0
[COT 2021-09-07 13:26:41] 76561197990717655: Set the date to 2011/12/5 1:16
[COT 2021-09-07 13:26:41] 76561197990717655: Set wind to 58.6475 58.6475 1
[COT 2021-09-07 13:27:02] 76561197990717655: Set rain to 0.96 0 0
[COT 2021-09-07 13:27:02] 76561197990717655: Set storm to 0.9216 0.8 4000
[COT 2021-09-07 13:27:02] 76561197990717655: Set fog to 0.98 0 0
[COT 2021-09-07 13:27:02] 76561197990717655: Set overcast to 0.96679 0 0
[COT 2021-09-07 13:27:02] 76561197990717655: Set the date to 2011/12/5 1:18
[COT 2021-09-07 13:27:02] 76561197990717655: Set wind to 60 60 1
[COT 2021-09-07 13:27:03] 76561197990717655: Set rain to 0.96 0 0
[COT 2021-09-07 13:27:03] 76561197990717655: Set storm to 0.9216 0.8 4000
[COT 2021-09-07 13:27:03] 76561197990717655: Set fog to 0.98 0 0
[COT 2021-09-07 13:27:03] 76561197990717655: Set overcast to 0.96679 0 0
[COT 2021-09-07 13:27:03] 76561197990717655: Set the date to 2011/12/5 1:18
[COT 2021-09-07 13:27:03] 76561197990717655: Set wind to 60 60 1
[COT 2021-09-07 13:27:03] 76561197990717655: Set rain to 0.96 0 0
[COT 2021-09-07 13:27:03] 76561197990717655: Set storm to 0.9216 0.8 4000
[COT 2021-09-07 13:27:03] 76561197990717655: Set fog to 0.98 0 0
[COT 2021-09-07 13:27:03] 76561197990717655: Set overcast to 0.96679 0 0
[COT 2021-09-07 13:27:03] 76561197990717655: Set the date to 2011/12/5 1:18
[COT 2021-09-07 13:27:03] 76561197990717655: Set wind to 60 60 1
