[COT 2021-09-07 01:09:17] 76561197990717655: Entered the Free Camera
[COT 2021-09-07 01:09:39] 76561197990717655: Left the Free Camera
[COT 2021-09-07 01:09:50] 76561197990717655: Entered the Free Camera
[COT 2021-09-07 01:10:49] 76561197990717655: Set GodMode To true [guid=AdNx87DNyRrGmm24ZM9mjIls2ZAvXQ5GmHdee6aK1-0=]
[COT 2021-09-07 01:11:07] 76561197990717655: Set Health To 100 [guid=AdNx87DNyRrGmm24ZM9mjIls2ZAvXQ5GmHdee6aK1-0=]
[COT 2021-09-07 01:11:13] 76561197990717655: Healed [guid=AdNx87DNyRrGmm24ZM9mjIls2ZAvXQ5GmHdee6aK1-0=]
[COT 2021-09-07 01:11:58] 76561197990717655: ESP: Viewing ESP
[COT 2021-09-07 01:12:11] 76561197990717655: Set rain to 0.98 0 0
[COT 2021-09-07 01:12:11] 76561197990717655: Set storm to 0.9604 0.8 4000
[COT 2021-09-07 01:12:11] 76561197990717655: Set fog to 0 0 0
[COT 2021-09-07 01:12:11] 76561197990717655: Set overcast to 0.14112 0 0
[COT 2021-09-07 01:12:11] 76561197990717655: Set the date to 2011/12/4 6:43
[COT 2021-09-07 01:12:11] 76561197990717655: Set wind to 20.9884 20.9884 1
[COT 2021-09-07 01:12:36] 76561197990717655: Left the Free Camera
[COT 2021-09-07 01:12:54] 76561197990717655: Entered the Free Camera
[COT 2021-09-07 01:14:52] 76561197990717655: Set rain to 0.49 0 0
[COT 2021-09-07 01:14:52] 76561197990717655: Set storm to 0.2401 0.8 4000
[COT 2021-09-07 01:14:52] 76561197990717655: Set fog to 0 0 0
[COT 2021-09-07 01:14:52] 76561197990717655: Set overcast to 0.152133 0 0
[COT 2021-09-07 01:14:52] 76561197990717655: Set the date to 2011/12/4 7:39
[COT 2021-09-07 01:14:52] 76561197990717655: Set wind to 30 30 1
[COT 2021-09-07 01:15:03] 76561197990717655: Set rain to 0.98 0 0
[COT 2021-09-07 01:15:03] 76561197990717655: Set storm to 0.9604 0.8 4000
[COT 2021-09-07 01:15:03] 76561197990717655: Set fog to 0 0 0
[COT 2021-09-07 01:15:03] 76561197990717655: Set overcast to 0.99 0 0
[COT 2021-09-07 01:15:03] 76561197990717655: Set the date to 2011/12/4 7:39
[COT 2021-09-07 01:15:03] 76561197990717655: Set wind to 30 30 1
[COT 2021-09-07 01:15:29] 76561197990717655: Set rain to 0 0 0
[COT 2021-09-07 01:15:29] 76561197990717655: Set storm to 0 0.8 4000
[COT 2021-09-07 01:15:29] 76561197990717655: Set fog to 0 0 0
[COT 2021-09-07 01:15:29] 76561197990717655: Set overcast to 0.5 0 0
[COT 2021-09-07 01:15:29] 76561197990717655: Set the date to 2011/12/4 7:46
[COT 2021-09-07 01:15:29] 76561197990717655: Set wind to 30 30 1
[COT 2021-09-07 01:15:34] 76561197990717655: Set rain to 0 0 0
[COT 2021-09-07 01:15:34] 76561197990717655: Set storm to 0 0.8 4000
[COT 2021-09-07 01:15:34] 76561197990717655: Set fog to 0 0 0
[COT 2021-09-07 01:15:34] 76561197990717655: Set overcast to 0.87 0 0
[COT 2021-09-07 01:15:34] 76561197990717655: Set the date to 2011/12/4 7:46
[COT 2021-09-07 01:15:34] 76561197990717655: Set wind to 30 30 1
[COT 2021-09-07 01:15:42] 76561197990717655: Set rain to 0.97 0 0
[COT 2021-09-07 01:15:42] 76561197990717655: Set storm to 0.9409 0.8 4000
[COT 2021-09-07 01:15:42] 76561197990717655: Set fog to 0.96 0 0
[COT 2021-09-07 01:15:42] 76561197990717655: Set overcast to 0.96 0 0
[COT 2021-09-07 01:15:42] 76561197990717655: Set the date to 2011/12/4 7:46
[COT 2021-09-07 01:15:42] 76561197990717655: Set wind to 30 30 1
[COT 2021-09-07 01:15:44] 76561197990717655: Set rain to 0.97 0 0
[COT 2021-09-07 01:15:44] 76561197990717655: Set storm to 0.9409 0.8 4000
[COT 2021-09-07 01:15:44] 76561197990717655: Set fog to 0.96 0 0
[COT 2021-09-07 01:15:44] 76561197990717655: Set overcast to 0.96 0 0
[COT 2021-09-07 01:15:44] 76561197990717655: Set the date to 2011/12/4 7:46
[COT 2021-09-07 01:15:44] 76561197990717655: Set wind to 30 30 1
[COT 2021-09-07 01:15:44] 76561197990717655: Set rain to 0.97 0 0
[COT 2021-09-07 01:15:44] 76561197990717655: Set storm to 0.9409 0.8 4000
[COT 2021-09-07 01:15:44] 76561197990717655: Set fog to 0.96 0 0
[COT 2021-09-07 01:15:44] 76561197990717655: Set overcast to 0.96 0 0
[COT 2021-09-07 01:15:44] 76561197990717655: Set the date to 2011/12/4 7:46
[COT 2021-09-07 01:15:44] 76561197990717655: Set wind to 30 30 1
[COT 2021-09-07 01:15:44] 76561197990717655: Set rain to 0.97 0 0
[COT 2021-09-07 01:15:44] 76561197990717655: Set storm to 0.9409 0.8 4000
[COT 2021-09-07 01:15:44] 76561197990717655: Set fog to 0.96 0 0
[COT 2021-09-07 01:15:44] 76561197990717655: Set overcast to 0.96 0 0
[COT 2021-09-07 01:15:44] 76561197990717655: Set the date to 2011/12/4 7:46
[COT 2021-09-07 01:15:44] 76561197990717655: Set wind to 30 30 1
